States: 4 x 20,160 = 80,640, s/f: 2,097,152; up/dn: 3,072,000,000 Needed: 3,074,097,152 bytes
GeForce GTX 1050 Ti [Type: Cuda, WarpSize: 32, MaxNumThreadsPerGroup: 1024, MemorySize: 4294967296]
Puzzle 8=4x2, states: 20,160, total: 40,320. Segments: 1
Step: 0; states: 1
Step: 1; states: 2 time: 00:00:00.0194686 (0.01488% in 00:00:00.8238689) FilesGB=0.0 (0.0, 0.0, 0.0)
Step: 2; states: 3 time: 00:00:00.0033444 (0.02976% in 00:00:00.8275299) FilesGB=0.0 (0.0, 0.0, 0.0)
Step: 3; states: 6 time: 00:00:00.0052134 (0.05952% in 00:00:00.8328425) FilesGB=0.0 (0.0, 0.0, 0.0)
Step: 4; states: 10 time: 00:00:00.0030866 (0.10913% in 00:00:00.8360188) FilesGB=0.0 (0.0, 0.0, 0.0)
Step: 5; states: 14 time: 00:00:00.0031238 (0.17857% in 00:00:00.8392236) FilesGB=0.0 (0.0, 0.0, 0.0)
Step: 6; states: 19 time: 00:00:00.0034890 (0.27282% in 00:00:00.8427924) FilesGB=0.0 (0.0, 0.0, 0.0)
Step: 7; states: 28 time: 00:00:00.0036660 (0.41171% in 00:00:00.8468485) FilesGB=0.0 (0.0, 0.0, 0.0)
Step: 8; states: 42 time: 00:00:00.0034889 (0.62004% in 00:00:00.8504466) FilesGB=0.0 (0.0, 0.0, 0.0)
Step: 9; states: 61 time: 00:00:00.0031829 (0.92262% in 00:00:00.8537308) FilesGB=0.0 (0.0, 0.0, 0.0)
Step: 10; states: 85 time: 00:00:00.0038069 (1.34425% in 00:00:00.8576317) FilesGB=0.0 (0.0, 0.0, 0.0)
Step: 11; states: 119 time: 00:00:00.0038309 (1.93452% in 00:00:00.8615841) FilesGB=0.0 (0.0, 0.0, 0.0)
Step: 12; states: 161 time: 00:00:00.0034743 (2.73313% in 00:00:00.8651827) FilesGB=0.0 (0.0, 0.0, 0.0)
Step: 13; states: 215 time: 00:00:00.0036219 (3.79960% in 00:00:00.8689058) FilesGB=0.0 (0.0, 0.0, 0.0)
Step: 14; states: 293 time: 00:00:00.0033093 (5.25298% in 00:00:00.8723337) FilesGB=0.0 (0.0, 0.0, 0.0)
Step: 15; states: 396 time: 00:00:00.0036586 (7.21726% in 00:00:00.8760845) FilesGB=0.0 (0.0, 0.0, 0.0)
Step: 16; states: 506 time: 00:00:00.0037329 (9.72718% in 00:00:00.8799295) FilesGB=0.0 (0.0, 0.0, 0.0)
Step: 17; states: 632 time: 00:00:00.0033791 (12.86210% in 00:00:00.8834172) FilesGB=0.0 (0.0, 0.0, 0.0)
Step: 18; states: 788 time: 00:00:00.0033445 (16.77083% in 00:00:00.8868288) FilesGB=0.0 (0.0, 0.0, 0.0)
Step: 19; states: 985 time: 00:00:00.0039451 (21.65675% in 00:00:00.8908675) FilesGB=0.0 (0.0, 0.0, 0.0)
Step: 20; states: 1,194 time: 00:00:00.0037630 (27.57937% in 00:00:00.8947274) FilesGB=0.0 (0.0, 0.0, 0.0)
Step: 21; states: 1,414 time: 00:00:00.0034267 (34.59325% in 00:00:00.8982593) FilesGB=0.0 (0.0, 0.0, 0.0)
Step: 22; states: 1,664 time: 00:00:00.0032044 (42.84722% in 00:00:00.9015554) FilesGB=0.0 (0.0, 0.0, 0.0)
Step: 23; states: 1,884 time: 00:00:00.0036512 (52.19246% in 00:00:00.9052981) FilesGB=0.0 (0.0, 0.0, 0.0)
Step: 24; states: 1,999 time: 00:00:00.0033925 (62.10813% in 00:00:00.9087670) FilesGB=0.0 (0.0, 0.0, 0.0)
Step: 25; states: 1,958 time: 00:00:00.0036110 (71.82044% in 00:00:00.9124773) FilesGB=0.0 (0.0, 0.0, 0.0)
Step: 26; states: 1,770 time: 00:00:00.0034918 (80.60020% in 00:00:00.9160586) FilesGB=0.0 (0.0, 0.0, 0.0)
Step: 27; states: 1,463 time: 00:00:00.0032735 (87.85714% in 00:00:00.9194358) FilesGB=0.0 (0.0, 0.0, 0.0)
Step: 28; states: 1,076 time: 00:00:00.0037875 (93.19444% in 00:00:00.9233554) FilesGB=0.0 (0.0, 0.0, 0.0)
Step: 29; states: 667 time: 00:00:00.0038695 (96.50298% in 00:00:00.9273324) FilesGB=0.0 (0.0, 0.0, 0.0)
Step: 30; states: 361 time: 00:00:00.0032908 (98.29365% in 00:00:00.9307344) FilesGB=0.0 (0.0, 0.0, 0.0)
Step: 31; states: 190 time: 00:00:00.0032953 (99.23611% in 00:00:00.9341336) FilesGB=0.0 (0.0, 0.0, 0.0)
Step: 32; states: 88 time: 00:00:00.0042384 (99.67262% in 00:00:00.9384886) FilesGB=0.0 (0.0, 0.0, 0.0)
Step: 33; states: 39 time: 00:00:00.0035986 (99.86607% in 00:00:00.9421661) FilesGB=0.0 (0.0, 0.0, 0.0)
Step: 34; states: 19 time: 00:00:00.0035511 (99.96032% in 00:00:00.9458321) FilesGB=0.0 (0.0, 0.0, 0.0)
Step: 35; states: 7 time: 00:00:00.0033083 (99.99504% in 00:00:00.9492439) FilesGB=0.0 (0.0, 0.0, 0.0)
Step: 36; states: 1 time: 00:00:00.0029905 (100.00000% in 00:00:00.9523176) FilesGB=0.0 (0.0, 0.0, 0.0)
Steps: 36, Total: 20,160, eq=True
1 2 3 6 10 14 19 28 42 61 85 119 161 215 293 396 506 632 788 985 1194 1414 1664 1884 1999 1958 1770 1463 1076 667 361 190 88 39 19 7 1
Total time: 00:00:00.9570856

1) Timer.FillSemifrontier=00:00:00.0354017
2) Timer.FillFrontier=00:00:00.0103574

GPUSolver: Items=10,080, time=00:00:00.0254203
UpDownCollector: collect=00:00:00.0000914 close=00:00:00.0331938
SemifrontierCollector: collect=00:00:00.0002681; close=00:00:00.0007071
SegmentedFile: WriteTime=00:00:00.0002006, Bytes=63,655, ReadTime=00:00:00.0086921, Bytes=96,358

Frontier: write=00:00:00.0035234, read=00:00:00.0059837
FrontierStates: collect=00:00:00.0005910
PackStates: pack=00:00:00.0020872 unpack=00:00:00.0014478
PackInts: pack=00:00:00.0000580 unpack=00:00:00.0001150
PackBytes: pack=00:00:00.0000214 unpack=00:00:00.0000162
