States: 4 x 161,280 = 645,120, s/f: 2,097,152; up/dn: 3,072,000,000 Needed: 3,074,097,152 bytes
GeForce GTX 1050 Ti [Type: Cuda, WarpSize: 32, MaxNumThreadsPerGroup: 1024, MemorySize: 4294967296]
Puzzle 9=3x3, states: 181,440, total: 322,560. Segments: 1
Step: 0; states: 1
Step: 1; states: 2 time: 00:00:00.0195611 (0.00165% in 00:00:00.8311111) FilesGB=0.0 (0.0, 0.0, 0.0)
Step: 2; states: 4 time: 00:00:00.0029311 (0.00386% in 00:00:00.8343977) FilesGB=0.0 (0.0, 0.0, 0.0)
Step: 3; states: 8 time: 00:00:00.0050502 (0.00827% in 00:00:00.8395622) FilesGB=0.0 (0.0, 0.0, 0.0)
Step: 4; states: 16 time: 00:00:00.0035179 (0.01709% in 00:00:00.8432008) FilesGB=0.0 (0.0, 0.0, 0.0)
Step: 5; states: 20 time: 00:00:00.0032242 (0.02811% in 00:00:00.8465494) FilesGB=0.0 (0.0, 0.0, 0.0)
Step: 6; states: 39 time: 00:00:00.0035279 (0.04960% in 00:00:00.8501996) FilesGB=0.0 (0.0, 0.0, 0.0)
Step: 7; states: 62 time: 00:00:00.0031166 (0.08377% in 00:00:00.8534380) FilesGB=0.0 (0.0, 0.0, 0.0)
Step: 8; states: 116 time: 00:00:00.0030802 (0.14771% in 00:00:00.8566459) FilesGB=0.0 (0.0, 0.0, 0.0)
Step: 9; states: 152 time: 00:00:00.0042839 (0.23148% in 00:00:00.8610591) FilesGB=0.0 (0.0, 0.0, 0.0)
Step: 10; states: 286 time: 00:00:00.0032521 (0.38911% in 00:00:00.8644392) FilesGB=0.0 (0.0, 0.0, 0.0)
Step: 11; states: 396 time: 00:00:00.0031648 (0.60736% in 00:00:00.8677235) FilesGB=0.0 (0.0, 0.0, 0.0)
Step: 12; states: 748 time: 00:00:00.0032537 (1.01962% in 00:00:00.8710963) FilesGB=0.0 (0.0, 0.0, 0.0)
Step: 13; states: 1,024 time: 00:00:00.0041106 (1.58399% in 00:00:00.8753253) FilesGB=0.0 (0.0, 0.0, 0.0)
Step: 14; states: 1,893 time: 00:00:00.0033811 (2.62731% in 00:00:00.8787925) FilesGB=0.0 (0.0, 0.0, 0.0)
Step: 15; states: 2,512 time: 00:00:00.0034682 (4.01179% in 00:00:00.8823840) FilesGB=0.0 (0.0, 0.0, 0.0)
Step: 16; states: 4,485 time: 00:00:00.0033698 (6.48369% in 00:00:00.8858477) FilesGB=0.0 (0.0, 0.0, 0.0)
Step: 17; states: 5,638 time: 00:00:00.0034775 (9.59105% in 00:00:00.8894410) FilesGB=0.0 (0.0, 0.0, 0.0)
Step: 18; states: 9,529 time: 00:00:00.0049357 (14.84292% in 00:00:00.8945069) FilesGB=0.0 (0.0, 0.0, 0.0)
Step: 19; states: 10,878 time: 00:00:00.0037123 (20.83829% in 00:00:00.8983496) FilesGB=0.0 (0.0, 0.0, 0.0)
Step: 20; states: 16,993 time: 00:00:00.0036505 (30.20392% in 00:00:00.9021212) FilesGB=0.0 (0.0, 0.0, 0.0)
Step: 21; states: 17,110 time: 00:00:00.0040692 (39.63404% in 00:00:00.9062852) FilesGB=0.0 (0.0, 0.0, 0.0)
Step: 22; states: 23,952 time: 00:00:00.0042223 (52.83510% in 00:00:00.9106159) FilesGB=0.0 (0.0, 0.0, 0.0)
Step: 23; states: 20,224 time: 00:00:00.0038931 (63.98148% in 00:00:00.9146171) FilesGB=0.0 (0.0, 0.0, 0.0)
Step: 24; states: 24,047 time: 00:00:00.0039781 (77.23490% in 00:00:00.9186903) FilesGB=0.0 (0.0, 0.0, 0.0)
Step: 25; states: 15,578 time: 00:00:00.0041795 (85.82066% in 00:00:00.9229637) FilesGB=0.0 (0.0, 0.0, 0.0)
Step: 26; states: 14,560 time: 00:00:00.0038893 (93.84535% in 00:00:00.9269324) FilesGB=0.0 (0.0, 0.0, 0.0)
Step: 27; states: 6,274 time: 00:00:00.0066651 (97.30324% in 00:00:00.9337083) FilesGB=0.0 (0.0, 0.0, 0.0)
Step: 28; states: 3,910 time: 00:00:00.0033641 (99.45822% in 00:00:00.9371992) FilesGB=0.0 (0.0, 0.0, 0.0)
Step: 29; states: 760 time: 00:00:00.0043276 (99.87709% in 00:00:00.9416561) FilesGB=0.0 (0.0, 0.0, 0.0)
Step: 30; states: 221 time: 00:00:00.0032033 (99.99890% in 00:00:00.9449642) FilesGB=0.0 (0.0, 0.0, 0.0)
Step: 31; states: 2 time: 00:00:00.0030664 (100.00000% in 00:00:00.9481597) FilesGB=0.0 (0.0, 0.0, 0.0)
Steps: 31, Total: 181,440, eq=True
1 2 4 8 16 20 39 62 116 152 286 396 748 1024 1893 2512 4485 5638 9529 10878 16993 17110 23952 20224 24047 15578 14560 6274 3910 760 221 2
Total time: 00:00:00.9520335

1) Timer.FillSemifrontier=00:00:00.0376895
2) Timer.FillFrontier=00:00:00.0158328

GPUSolver: Items=120,960, time=00:00:00.0246691
UpDownCollector: collect=00:00:00.0007298 close=00:00:00.0339979
SemifrontierCollector: collect=00:00:00.0004416; close=00:00:00.0024209
SegmentedFile: WriteTime=00:00:00.0026961, Bytes=654,018, ReadTime=00:00:00.0068724, Bytes=931,689

Frontier: write=00:00:00.0046917, read=00:00:00.0065285
FrontierStates: collect=00:00:00.0039422
PackStates: pack=00:00:00.0024858 unpack=00:00:00.0020114
PackInts: pack=00:00:00.0004227 unpack=00:00:00.0006356
PackBytes: pack=00:00:00.0000159 unpack=00:00:00.0000614
