States: 4 x 1,451,520 = 5,806,080, s/f: 2,097,152; up/dn: 3,072,000,000 Needed: 3,074,097,152 bytes
GeForce GTX 1050 Ti [Type: Cuda, WarpSize: 32, MaxNumThreadsPerGroup: 1024, MemorySize: 4294967296]
Puzzle 10=5x2, states: 1,814,400, total: 2,903,040. Segments: 1
Step: 0; states: 1
Step: 1; states: 2 time: 00:00:00.0208988 (0.00017% in 00:00:00.8204464) FilesGB=0.0 (0.0, 0.0, 0.0)
Step: 2; states: 3 time: 00:00:00.0034367 (0.00033% in 00:00:00.8242370) FilesGB=0.0 (0.0, 0.0, 0.0)
Step: 3; states: 6 time: 00:00:00.0059176 (0.00066% in 00:00:00.8302771) FilesGB=0.0 (0.0, 0.0, 0.0)
Step: 4; states: 11 time: 00:00:00.0042734 (0.00127% in 00:00:00.8346595) FilesGB=0.0 (0.0, 0.0, 0.0)
Step: 5; states: 19 time: 00:00:00.0037672 (0.00231% in 00:00:00.8385581) FilesGB=0.0 (0.0, 0.0, 0.0)
Step: 6; states: 30 time: 00:00:00.0036912 (0.00397% in 00:00:00.8423785) FilesGB=0.0 (0.0, 0.0, 0.0)
Step: 7; states: 44 time: 00:00:00.0039557 (0.00639% in 00:00:00.8464625) FilesGB=0.0 (0.0, 0.0, 0.0)
Step: 8; states: 68 time: 00:00:00.0037165 (0.01014% in 00:00:00.8503040) FilesGB=0.0 (0.0, 0.0, 0.0)
Step: 9; states: 112 time: 00:00:00.0038701 (0.01631% in 00:00:00.8543104) FilesGB=0.0 (0.0, 0.0, 0.0)
Step: 10; states: 176 time: 00:00:00.0037772 (0.02601% in 00:00:00.8582157) FilesGB=0.0 (0.0, 0.0, 0.0)
Step: 11; states: 271 time: 00:00:00.0040755 (0.04095% in 00:00:00.8624168) FilesGB=0.0 (0.0, 0.0, 0.0)
Step: 12; states: 411 time: 00:00:00.0037339 (0.06360% in 00:00:00.8662726) FilesGB=0.0 (0.0, 0.0, 0.0)
Step: 13; states: 602 time: 00:00:00.0042638 (0.09678% in 00:00:00.8706653) FilesGB=0.0 (0.0, 0.0, 0.0)
Step: 14; states: 851 time: 00:00:00.0038153 (0.14368% in 00:00:00.8746079) FilesGB=0.0 (0.0, 0.0, 0.0)
Step: 15; states: 1,232 time: 00:00:00.0040573 (0.21159% in 00:00:00.8787882) FilesGB=0.0 (0.0, 0.0, 0.0)
Step: 16; states: 1,783 time: 00:00:00.0037514 (0.30985% in 00:00:00.8826114) FilesGB=0.0 (0.0, 0.0, 0.0)
Step: 17; states: 2,530 time: 00:00:00.0043941 (0.44929% in 00:00:00.8870737) FilesGB=0.0 (0.0, 0.0, 0.0)
Step: 18; states: 3,567 time: 00:00:00.0039207 (0.64589% in 00:00:00.8911055) FilesGB=0.0 (0.0, 0.0, 0.0)
Step: 19; states: 4,996 time: 00:00:00.0044075 (0.92124% in 00:00:00.8955862) FilesGB=0.0 (0.0, 0.0, 0.0)
Step: 20; states: 6,838 time: 00:00:00.0040554 (1.29812% in 00:00:00.8997124) FilesGB=0.0 (0.0, 0.0, 0.0)
Step: 21; states: 9,279 time: 00:00:00.0044235 (1.80952% in 00:00:00.9042063) FilesGB=0.0 (0.0, 0.0, 0.0)
Step: 22; states: 12,463 time: 00:00:00.0044484 (2.49642% in 00:00:00.9087290) FilesGB=0.0 (0.0, 0.0, 0.0)
Step: 23; states: 16,597 time: 00:00:00.0049967 (3.41116% in 00:00:00.9137969) FilesGB=0.0 (0.0, 0.0, 0.0)
Step: 24; states: 21,848 time: 00:00:00.0047552 (4.61530% in 00:00:00.9186575) FilesGB=0.0 (0.0, 0.0, 0.0)
Step: 25; states: 28,227 time: 00:00:00.0050314 (6.17102% in 00:00:00.9237681) FilesGB=0.0 (0.0, 0.0, 0.0)
Step: 26; states: 35,682 time: 00:00:00.0052682 (8.13762% in 00:00:00.9291424) FilesGB=0.0 (0.0, 0.0, 0.0)
Step: 27; states: 44,464 time: 00:00:00.0055672 (10.58824% in 00:00:00.9348097) FilesGB=0.0 (0.0, 0.0, 0.0)
Step: 28; states: 54,597 time: 00:00:00.0056266 (13.59733% in 00:00:00.9405322) FilesGB=0.0 (0.0, 0.0, 0.0)
Step: 29; states: 65,966 time: 00:00:00.0066945 (17.23302% in 00:00:00.9473361) FilesGB=0.0 (0.0, 0.0, 0.0)
Step: 30; states: 78,433 time: 00:00:00.0065925 (21.55583% in 00:00:00.9540473) FilesGB=0.0 (0.0, 0.0, 0.0)
Step: 31; states: 91,725 time: 00:00:00.0068796 (26.61122% in 00:00:00.9610355) FilesGB=0.0 (0.0, 0.0, 0.0)
Step: 32; states: 104,896 time: 00:00:00.0072047 (32.39253% in 00:00:00.9683444) FilesGB=0.0 (0.0, 0.0, 0.0)
Step: 33; states: 116,966 time: 00:00:00.0082078 (38.83907% in 00:00:00.9766647) FilesGB=0.0 (0.0, 0.0, 0.0)
Step: 34; states: 126,335 time: 00:00:00.0077719 (45.80197% in 00:00:00.9845577) FilesGB=0.0 (0.0, 0.0, 0.0)
Step: 35; states: 131,998 time: 00:00:00.0081893 (53.07700% in 00:00:00.9928602) FilesGB=0.0 (0.0, 0.0, 0.0)
Step: 36; states: 133,107 time: 00:00:00.0079881 (60.41314% in 00:00:01.0009581) FilesGB=0.0 (0.0, 0.0, 0.0)
Step: 37; states: 128,720 time: 00:00:00.0082915 (67.50750% in 00:00:01.0093589) FilesGB=0.0 (0.0, 0.0, 0.0)
Step: 38; states: 119,332 time: 00:00:00.0085495 (74.08444% in 00:00:01.0180174) FilesGB=0.0 (0.0, 0.0, 0.0)
Step: 39; states: 106,335 time: 00:00:00.0081177 (79.94505% in 00:00:01.0262593) FilesGB=0.0 (0.0, 0.0, 0.0)
Step: 40; states: 91,545 time: 00:00:00.0068891 (84.99052% in 00:00:01.0332548) FilesGB=0.0 (0.0, 0.0, 0.0)
Step: 41; states: 75,742 time: 00:00:00.0070733 (89.16501% in 00:00:01.0404407) FilesGB=0.0 (0.0, 0.0, 0.0)
Step: 42; states: 60,119 time: 00:00:00.0060047 (92.47845% in 00:00:01.0465456) FilesGB=0.0 (0.0, 0.0, 0.0)
Step: 43; states: 45,840 time: 00:00:00.0057984 (95.00491% in 00:00:01.0524559) FilesGB=0.0 (0.0, 0.0, 0.0)
Step: 44; states: 33,422 time: 00:00:00.0059583 (96.84695% in 00:00:01.0585284) FilesGB=0.0 (0.0, 0.0, 0.0)
Step: 45; states: 23,223 time: 00:00:00.0047951 (98.12687% in 00:00:01.0634109) FilesGB=0.0 (0.0, 0.0, 0.0)
Step: 46; states: 15,140 time: 00:00:00.0048143 (98.96131% in 00:00:01.0683326) FilesGB=0.0 (0.0, 0.0, 0.0)
Step: 47; states: 9,094 time: 00:00:00.0054815 (99.46252% in 00:00:01.0739255) FilesGB=0.0 (0.0, 0.0, 0.0)
Step: 48; states: 5,073 time: 00:00:00.0044324 (99.74212% in 00:00:01.0784802) FilesGB=0.0 (0.0, 0.0, 0.0)
Step: 49; states: 2,605 time: 00:00:00.0041170 (99.88569% in 00:00:01.0827169) FilesGB=0.0 (0.0, 0.0, 0.0)
Step: 50; states: 1,224 time: 00:00:00.0060306 (99.95315% in 00:00:01.0888677) FilesGB=0.0 (0.0, 0.0, 0.0)
Step: 51; states: 528 time: 00:00:00.0039456 (99.98225% in 00:00:01.0929142) FilesGB=0.0 (0.0, 0.0, 0.0)
Step: 52; states: 225 time: 00:00:00.0040460 (99.99465% in 00:00:01.0970578) FilesGB=0.0 (0.0, 0.0, 0.0)
Step: 53; states: 75 time: 00:00:00.0052986 (99.99879% in 00:00:01.1024546) FilesGB=0.0 (0.0, 0.0, 0.0)
Step: 54; states: 20 time: 00:00:00.0047652 (99.99989% in 00:00:01.1076551) FilesGB=0.0 (0.0, 0.0, 0.0)
Step: 55; states: 2 time: 00:00:00.0037500 (100.00000% in 00:00:01.1115054) FilesGB=0.0 (0.0, 0.0, 0.0)
Steps: 55, Total: 1,814,400, eq=True
1 2 3 6 11 19 30 44 68 112 176 271 411 602 851 1232 1783 2530 3567 4996 6838 9279 12463 16597 21848 28227 35682 44464 54597 65966 78433 91725 104896 116966 126335 131998 133107 128720 119332 106335 91545 75742 60119 45840 33422 23223 15140 9094 5073 2605 1224 528 225 75 20 2
Total time: 00:00:01.1185052

1) Timer.FillSemifrontier=00:00:00.0703557
2) Timer.FillFrontier=00:00:00.0970770

GPUSolver: Items=907,200, time=00:00:00.0420724
UpDownCollector: collect=00:00:00.0046568 close=00:00:00.0591800
SemifrontierCollector: collect=00:00:00.0025724; close=00:00:00.0076245
SegmentedFile: WriteTime=00:00:00.0095702, Bytes=5,803,923, ReadTime=00:00:00.0164834, Bytes=8,675,141

Frontier: write=00:00:00.0101574, read=00:00:00.0157837
FrontierStates: collect=00:00:00.0369000
PackStates: pack=00:00:00.0060888 unpack=00:00:00.0090333
PackInts: pack=00:00:00.0038215 unpack=00:00:00.0069291
PackBytes: pack=00:00:00.0002176 unpack=00:00:00.0008145

C:\PUZ\SlidingTilesSolver\SlidingTileSolver\bin\Release\net5.0\SlidingTileSolver.exe (process 5468) exited with code 0.
Press any key to close this window . . .