States: 4 x 159,667,200 = 638,668,800, s/f: 2,097,152; up/dn: 3,072,000,000 Needed: 3,074,097,152 bytes
GeForce GTX 1050 Ti [Type: Cuda, WarpSize: 32, MaxNumThreadsPerGroup: 1024, MemorySize: 4294967296]
Puzzle 12=4x3, states: 239,500,800, total: 319,334,400. Segments: 1
Step: 0; states: 1
Step: 1; states: 2 time: 00:00:00.0998305 (0.00000% in 00:00:00.9594763) FilesGB=0.0 (0.0, 0.0, 0.0)
Step: 2; states: 4 time: 00:00:00.0817980 (0.00000% in 00:00:01.0415675) FilesGB=0.0 (0.0, 0.0, 0.0)
Step: 3; states: 9 time: 00:00:00.0852982 (0.00001% in 00:00:01.1269752) FilesGB=0.0 (0.0, 0.0, 0.0)
Step: 4; states: 20 time: 00:00:00.0806012 (0.00002% in 00:00:01.2076635) FilesGB=0.0 (0.0, 0.0, 0.0)
Step: 5; states: 37 time: 00:00:00.0808118 (0.00003% in 00:00:01.2885585) FilesGB=0.0 (0.0, 0.0, 0.0)
Step: 6; states: 63 time: 00:00:00.0839317 (0.00006% in 00:00:01.3725687) FilesGB=0.0 (0.0, 0.0, 0.0)
Step: 7; states: 122 time: 00:00:00.0816235 (0.00011% in 00:00:01.4542797) FilesGB=0.0 (0.0, 0.0, 0.0)
Step: 8; states: 232 time: 00:00:00.0813748 (0.00020% in 00:00:01.5357359) FilesGB=0.0 (0.0, 0.0, 0.0)
Step: 9; states: 431 time: 00:00:00.0817357 (0.00038% in 00:00:01.6175627) FilesGB=0.0 (0.0, 0.0, 0.0)
Step: 10; states: 781 time: 00:00:00.0818150 (0.00071% in 00:00:01.6994763) FilesGB=0.0 (0.0, 0.0, 0.0)
Step: 11; states: 1,392 time: 00:00:00.0817591 (0.00129% in 00:00:01.7813543) FilesGB=0.0 (0.0, 0.0, 0.0)
Step: 12; states: 2,494 time: 00:00:00.0802085 (0.00233% in 00:00:01.8616611) FilesGB=0.0 (0.0, 0.0, 0.0)
Step: 13; states: 4,442 time: 00:00:00.0812226 (0.00419% in 00:00:01.9429616) FilesGB=0.0 (0.0, 0.0, 0.0)
Step: 14; states: 7,854 time: 00:00:00.0823753 (0.00747% in 00:00:02.0254273) FilesGB=0.0 (0.0, 0.0, 0.0)
Step: 15; states: 13,899 time: 00:00:00.0818202 (0.01327% in 00:00:02.1073414) FilesGB=0.0 (0.0, 0.0, 0.0)
Step: 16; states: 24,215 time: 00:00:00.0833471 (0.02338% in 00:00:02.1907716) FilesGB=0.0 (0.0, 0.0, 0.0)
Step: 17; states: 41,802 time: 00:00:00.0843141 (0.04083% in 00:00:02.2751670) FilesGB=0.0 (0.0, 0.0, 0.0)
Step: 18; states: 71,167 time: 00:00:00.0878742 (0.07055% in 00:00:02.3631180) FilesGB=0.0 (0.0, 0.0, 0.0)
Step: 19; states: 119,888 time: 00:00:00.0901567 (0.12061% in 00:00:02.4533634) FilesGB=0.0 (0.0, 0.0, 0.0)
Step: 20; states: 198,363 time: 00:00:00.0961417 (0.20343% in 00:00:02.5495807) FilesGB=0.0 (0.0, 0.0, 0.0)
Step: 21; states: 323,206 time: 00:00:00.1041336 (0.33838% in 00:00:02.6538040) FilesGB=0.0 (0.0, 0.0, 0.0)
Step: 22; states: 515,778 time: 00:00:00.1120510 (0.55374% in 00:00:02.7659298) FilesGB=0.0 (0.0, 0.0, 0.0)
Step: 23; states: 811,000 time: 00:00:00.1265771 (0.89236% in 00:00:02.8925823) FilesGB=0.0 (0.0, 0.0, 0.0)
Step: 24; states: 1,248,011 time: 00:00:00.1464348 (1.41345% in 00:00:03.0390935) FilesGB=0.0 (0.0, 0.0, 0.0)
Step: 25; states: 1,885,279 time: 00:00:00.1722223 (2.20062% in 00:00:03.2114471) FilesGB=0.0 (0.0, 0.0, 0.0)
Step: 26; states: 2,782,396 time: 00:00:00.2046383 (3.36236% in 00:00:03.4162136) FilesGB=0.0 (0.0, 0.0, 0.0)
Step: 27; states: 4,009,722 time: 00:00:00.2562512 (5.03656% in 00:00:03.6725964) FilesGB=0.0 (0.0, 0.0, 0.0)
Step: 28; states: 5,621,354 time: 00:00:00.3048740 (7.38368% in 00:00:03.9776156) FilesGB=0.0 (0.0, 0.0, 0.0)
Step: 29; states: 7,647,872 time: 00:00:00.3755588 (10.57693% in 00:00:04.3533238) FilesGB=0.0 (0.0, 0.0, 0.0)
Step: 30; states: 10,065,800 time: 00:00:00.4749955 (14.77976% in 00:00:04.8284825) FilesGB=0.0 (0.0, 0.0, 0.0)
Step: 31; states: 12,760,413 time: 00:00:00.5492498 (20.10768% in 00:00:05.3778768) FilesGB=0.1 (0.0, 0.0, 0.0)
Step: 32; states: 15,570,786 time: 00:00:00.6434824 (26.60903% in 00:00:06.0214917) FilesGB=0.1 (0.0, 0.0, 0.0)
Step: 33; states: 18,171,606 time: 00:00:00.7238456 (34.19631% in 00:00:06.7454719) FilesGB=0.1 (0.0, 0.0, 0.0)
Step: 34; states: 20,299,876 time: 00:00:00.8065465 (42.67222% in 00:00:07.5521452) FilesGB=0.1 (0.0, 0.0, 0.0)
Step: 35; states: 21,587,248 time: 00:00:00.8349732 (51.68566% in 00:00:08.3872488) FilesGB=0.1 (0.0, 0.0, 0.0)
Step: 36; states: 21,841,159 time: 00:00:00.8545419 (60.80511% in 00:00:09.2419139) FilesGB=0.1 (0.0, 0.0, 0.0)
Step: 37; states: 20,906,905 time: 00:00:00.8391734 (69.53448% in 00:00:10.0812226) FilesGB=0.1 (0.0, 0.0, 0.0)
Step: 38; states: 18,899,357 time: 00:00:00.7945164 (77.42562% in 00:00:10.8758913) FilesGB=0.1 (0.0, 0.0, 0.0)
Step: 39; states: 16,058,335 time: 00:00:00.7179441 (84.13054% in 00:00:11.5939899) FilesGB=0.1 (0.0, 0.0, 0.0)
Step: 40; states: 12,772,603 time: 00:00:00.6161567 (89.46355% in 00:00:12.2102714) FilesGB=0.1 (0.0, 0.0, 0.0)
Step: 41; states: 9,515,217 time: 00:00:00.5033691 (93.43649% in 00:00:12.7137880) FilesGB=0.1 (0.0, 0.0, 0.0)
Step: 42; states: 6,583,181 time: 00:00:00.3935348 (96.18520% in 00:00:13.1074637) FilesGB=0.0 (0.0, 0.0, 0.0)
Step: 43; states: 4,242,753 time: 00:00:00.2988206 (97.95670% in 00:00:13.4064303) FilesGB=0.0 (0.0, 0.0, 0.0)
Step: 44; states: 2,503,873 time: 00:00:00.2244404 (99.00215% in 00:00:13.6310157) FilesGB=0.0 (0.0, 0.0, 0.0)
Step: 45; states: 1,350,268 time: 00:00:00.1701057 (99.56594% in 00:00:13.8012412) FilesGB=0.0 (0.0, 0.0, 0.0)
Step: 46; states: 643,245 time: 00:00:00.1321209 (99.83451% in 00:00:13.9334890) FilesGB=0.0 (0.0, 0.0, 0.0)
Step: 47; states: 270,303 time: 00:00:00.1082252 (99.94738% in 00:00:14.0417959) FilesGB=0.0 (0.0, 0.0, 0.0)
Step: 48; states: 92,311 time: 00:00:00.0942362 (99.98592% in 00:00:14.1361091) FilesGB=0.0 (0.0, 0.0, 0.0)
Step: 49; states: 27,116 time: 00:00:00.0841541 (99.99724% in 00:00:14.2203423) FilesGB=0.0 (0.0, 0.0, 0.0)
Step: 50; states: 5,390 time: 00:00:00.0808156 (99.99949% in 00:00:14.3012396) FilesGB=0.0 (0.0, 0.0, 0.0)
Step: 51; states: 1,115 time: 00:00:00.0803839 (99.99996% in 00:00:14.3817005) FilesGB=0.0 (0.0, 0.0, 0.0)
Step: 52; states: 86 time: 00:00:00.0794995 (99.99999% in 00:00:14.4612787) FilesGB=0.0 (0.0, 0.0, 0.0)
Step: 53; states: 18 time: 00:00:00.0797490 (100.00000% in 00:00:14.5411035) FilesGB=0.0 (0.0, 0.0, 0.0)
Steps: 53, Total: 239,500,800, eq=True
1 2 4 9 20 37 63 122 232 431 781 1392 2494 4442 7854 13899 24215 41802 71167 119888 198363 323206 515778 811000 1248011 1885279 2782396 4009722 5621354 7647872 10065800 12760413 15570786 18171606 20299876 21587248 21841159 20906905 18899357 16058335 12772603 9515217 6583181 4242753 2503873 1350268 643245 270303 92311 27116 5390 1115 86 18
Total time: 00:00:14.6233364

1) Timer.FillSemifrontier=00:00:03.0449400
2) Timer.FillFrontier=00:00:10.5100891

GPUSolver: Items=159,667,200, time=00:00:01.3587823
UpDownCollector: collect=00:00:00.5475307 close=00:00:02.1071344
SemifrontierCollector: collect=00:00:00.7207558; close=00:00:00.0194422
SegmentedFile: WriteTime=00:00:00.3445509, Bytes=930,966,852, ReadTime=00:00:00.6290494, Bytes=1,298,579,951

Frontier: write=00:00:00.4802886, read=00:00:00.9797225
FrontierStates: collect=00:00:03.6681704
PackStates: pack=00:00:00.5054545 unpack=00:00:00.6640174
PackInts: pack=00:00:00.4755070 unpack=00:00:00.6237216
PackBytes: pack=00:00:00.0277849 unpack=00:00:00.0889698
