States: 4 x 159,667,200 = 638,668,800, s/f: 2,097,152; up/dn: 3,072,000,000 Needed: 3,074,097,152 bytes
GeForce GTX 1050 Ti [Type: Cuda, WarpSize: 32, MaxNumThreadsPerGroup: 1024, MemorySize: 4294967296]
Puzzle 12=6x2, states: 239,500,800, total: 319,334,400. Segments: 1
Step: 0; states: 1
Step: 1; states: 2 time: 00:00:00.0992812 (0.00000% in 00:00:00.9048600) FilesGB=0.0 (0.0, 0.0, 0.0)
Step: 2; states: 3 time: 00:00:00.0793861 (0.00000% in 00:00:00.9845506) FilesGB=0.0 (0.0, 0.0, 0.0)
Step: 3; states: 6 time: 00:00:00.0817945 (0.00001% in 00:00:01.0664270) FilesGB=0.0 (0.0, 0.0, 0.0)
Step: 4; states: 11 time: 00:00:00.0791441 (0.00001% in 00:00:01.1456564) FilesGB=0.0 (0.0, 0.0, 0.0)
Step: 5; states: 20 time: 00:00:00.0794630 (0.00002% in 00:00:01.2251985) FilesGB=0.0 (0.0, 0.0, 0.0)
Step: 6; states: 36 time: 00:00:00.0796402 (0.00003% in 00:00:01.3049219) FilesGB=0.0 (0.0, 0.0, 0.0)
Step: 7; states: 60 time: 00:00:00.0819927 (0.00006% in 00:00:01.3869931) FilesGB=0.0 (0.0, 0.0, 0.0)
Step: 8; states: 95 time: 00:00:00.0830084 (0.00010% in 00:00:01.4701030) FilesGB=0.0 (0.0, 0.0, 0.0)
Step: 9; states: 155 time: 00:00:00.0805565 (0.00016% in 00:00:01.5507409) FilesGB=0.0 (0.0, 0.0, 0.0)
Step: 10; states: 258 time: 00:00:00.0802657 (0.00027% in 00:00:01.6310906) FilesGB=0.0 (0.0, 0.0, 0.0)
Step: 11; states: 426 time: 00:00:00.0805567 (0.00045% in 00:00:01.7117383) FilesGB=0.0 (0.0, 0.0, 0.0)
Step: 12; states: 688 time: 00:00:00.0838516 (0.00074% in 00:00:01.7956699) FilesGB=0.0 (0.0, 0.0, 0.0)
Step: 13; states: 1,106 time: 00:00:00.0815207 (0.00120% in 00:00:01.8772976) FilesGB=0.0 (0.0, 0.0, 0.0)
Step: 14; states: 1,723 time: 00:00:00.0814298 (0.00192% in 00:00:01.9588315) FilesGB=0.0 (0.0, 0.0, 0.0)
Step: 15; states: 2,615 time: 00:00:00.0798054 (0.00301% in 00:00:02.0387177) FilesGB=0.0 (0.0, 0.0, 0.0)
Step: 16; states: 3,901 time: 00:00:00.0888792 (0.00464% in 00:00:02.1276791) FilesGB=0.0 (0.0, 0.0, 0.0)
Step: 17; states: 5,885 time: 00:00:00.0803413 (0.00709% in 00:00:02.2081126) FilesGB=0.0 (0.0, 0.0, 0.0)
Step: 18; states: 8,851 time: 00:00:00.0809304 (0.01079% in 00:00:02.2891205) FilesGB=0.0 (0.0, 0.0, 0.0)
Step: 19; states: 13,205 time: 00:00:00.0812417 (0.01630% in 00:00:02.3704427) FilesGB=0.0 (0.0, 0.0, 0.0)
Step: 20; states: 19,508 time: 00:00:00.0818714 (0.02445% in 00:00:02.4524081) FilesGB=0.0 (0.0, 0.0, 0.0)
Step: 21; states: 28,593 time: 00:00:00.0832337 (0.03639% in 00:00:02.5357181) FilesGB=0.0 (0.0, 0.0, 0.0)
Step: 22; states: 41,179 time: 00:00:00.0847862 (0.05358% in 00:00:02.6205825) FilesGB=0.0 (0.0, 0.0, 0.0)
Step: 23; states: 58,899 time: 00:00:00.0857492 (0.07817% in 00:00:02.7064194) FilesGB=0.0 (0.0, 0.0, 0.0)
Step: 24; states: 83,582 time: 00:00:00.0893268 (0.11307% in 00:00:02.7958248) FilesGB=0.0 (0.0, 0.0, 0.0)
Step: 25; states: 118,109 time: 00:00:00.0901826 (0.16239% in 00:00:02.8860894) FilesGB=0.0 (0.0, 0.0, 0.0)
Step: 26; states: 165,136 time: 00:00:00.0937407 (0.23134% in 00:00:02.9799113) FilesGB=0.0 (0.0, 0.0, 0.0)
Step: 27; states: 228,596 time: 00:00:00.0971138 (0.32678% in 00:00:03.0771129) FilesGB=0.0 (0.0, 0.0, 0.0)
Step: 28; states: 312,542 time: 00:00:00.1014755 (0.45728% in 00:00:03.1786797) FilesGB=0.0 (0.0, 0.0, 0.0)
Step: 29; states: 423,797 time: 00:00:00.1085701 (0.63423% in 00:00:03.2873389) FilesGB=0.0 (0.0, 0.0, 0.0)
Step: 30; states: 568,233 time: 00:00:00.1141562 (0.87149% in 00:00:03.4015848) FilesGB=0.0 (0.0, 0.0, 0.0)
Step: 31; states: 755,727 time: 00:00:00.1227098 (1.18703% in 00:00:03.5243830) FilesGB=0.0 (0.0, 0.0, 0.0)
Step: 32; states: 994,641 time: 00:00:00.1318238 (1.60233% in 00:00:03.6562946) FilesGB=0.0 (0.0, 0.0, 0.0)
Step: 33; states: 1,296,097 time: 00:00:00.1454019 (2.14349% in 00:00:03.8017903) FilesGB=0.0 (0.0, 0.0, 0.0)
Step: 34; states: 1,667,002 time: 00:00:00.1851392 (2.83953% in 00:00:03.9870356) FilesGB=0.0 (0.0, 0.0, 0.0)
Step: 35; states: 2,119,476 time: 00:00:00.1790481 (3.72448% in 00:00:04.1662049) FilesGB=0.0 (0.0, 0.0, 0.0)
Step: 36; states: 2,660,415 time: 00:00:00.1951804 (4.83530% in 00:00:04.3615152) FilesGB=0.0 (0.0, 0.0, 0.0)
Step: 37; states: 3,300,586 time: 00:00:00.2146091 (6.21341% in 00:00:04.5762563) FilesGB=0.0 (0.0, 0.0, 0.0)
Step: 38; states: 4,038,877 time: 00:00:00.2411573 (7.89978% in 00:00:04.8175902) FilesGB=0.0 (0.0, 0.0, 0.0)
Step: 39; states: 4,877,286 time: 00:00:00.2687851 (9.93622% in 00:00:05.0865098) FilesGB=0.0 (0.0, 0.0, 0.0)
Step: 40; states: 5,804,505 time: 00:00:00.2940344 (12.35981% in 00:00:05.3806626) FilesGB=0.0 (0.0, 0.0, 0.0)
Step: 41; states: 6,810,858 time: 00:00:00.3277805 (15.20358% in 00:00:05.7085951) FilesGB=0.0 (0.0, 0.0, 0.0)
Step: 42; states: 7,864,146 time: 00:00:00.3601989 (18.48714% in 00:00:06.0688950) FilesGB=0.0 (0.0, 0.0, 0.0)
Step: 43; states: 8,929,585 time: 00:00:00.3987743 (22.21555% in 00:00:06.4678498) FilesGB=0.0 (0.0, 0.0, 0.0)
Step: 44; states: 9,958,080 time: 00:00:00.4289743 (26.37340% in 00:00:06.8969761) FilesGB=0.0 (0.0, 0.0, 0.0)
Step: 45; states: 10,902,749 time: 00:00:00.4605992 (30.92568% in 00:00:07.3577264) FilesGB=0.0 (0.0, 0.0, 0.0)
Step: 46; states: 11,716,813 time: 00:00:00.4880824 (35.81786% in 00:00:07.8459679) FilesGB=0.1 (0.0, 0.0, 0.0)
Step: 47; states: 12,356,080 time: 00:00:00.5128193 (40.97696% in 00:00:08.3588858) FilesGB=0.1 (0.0, 0.0, 0.0)
Step: 48; states: 12,791,679 time: 00:00:00.5277880 (46.31793% in 00:00:08.8868313) FilesGB=0.1 (0.0, 0.0, 0.0)
Step: 49; states: 13,002,649 time: 00:00:00.5441303 (51.74700% in 00:00:09.4311106) FilesGB=0.1 (0.0, 0.0, 0.0)
Step: 50; states: 12,981,651 time: 00:00:00.5437874 (57.16729% in 00:00:09.9750252) FilesGB=0.1 (0.0, 0.0, 0.0)
Step: 51; states: 12,723,430 time: 00:00:00.5355876 (62.47977% in 00:00:10.5107847) FilesGB=0.1 (0.0, 0.0, 0.0)
Step: 52; states: 12,245,198 time: 00:00:00.5250715 (67.59257% in 00:00:11.0359905) FilesGB=0.1 (0.0, 0.0, 0.0)
Step: 53; states: 11,572,814 time: 00:00:00.5038111 (72.42463% in 00:00:11.5399701) FilesGB=0.1 (0.0, 0.0, 0.0)
Step: 54; states: 10,738,102 time: 00:00:00.4797478 (76.90816% in 00:00:12.0198453) FilesGB=0.1 (0.0, 0.0, 0.0)
Step: 55; states: 9,772,472 time: 00:00:00.4475227 (80.98851% in 00:00:12.4674943) FilesGB=0.0 (0.0, 0.0, 0.0)
Step: 56; states: 8,720,063 time: 00:00:00.4151157 (84.62945% in 00:00:12.8827377) FilesGB=0.0 (0.0, 0.0, 0.0)
Step: 57; states: 7,623,133 time: 00:00:00.3791382 (87.81237% in 00:00:13.2620576) FilesGB=0.0 (0.0, 0.0, 0.0)
Step: 58; states: 6,526,376 time: 00:00:00.3431678 (90.53736% in 00:00:13.6053530) FilesGB=0.0 (0.0, 0.0, 0.0)
Step: 59; states: 5,459,196 time: 00:00:00.3085046 (92.81677% in 00:00:13.9139898) FilesGB=0.0 (0.0, 0.0, 0.0)
Step: 60; states: 4,457,799 time: 00:00:00.2707984 (94.67806% in 00:00:14.1849144) FilesGB=0.0 (0.0, 0.0, 0.0)
Step: 61; states: 3,546,306 time: 00:00:00.2379585 (96.15877% in 00:00:14.4229945) FilesGB=0.0 (0.0, 0.0, 0.0)
Step: 62; states: 2,749,552 time: 00:00:00.2093507 (97.30680% in 00:00:14.6324393) FilesGB=0.0 (0.0, 0.0, 0.0)
Step: 63; states: 2,068,975 time: 00:00:00.1828752 (98.17067% in 00:00:14.8154391) FilesGB=0.0 (0.0, 0.0, 0.0)
Step: 64; states: 1,510,134 time: 00:00:00.1599388 (98.80120% in 00:00:14.9755064) FilesGB=0.0 (0.0, 0.0, 0.0)
Step: 65; states: 1,064,591 time: 00:00:00.1404920 (99.24571% in 00:00:15.1161396) FilesGB=0.0 (0.0, 0.0, 0.0)
Step: 66; states: 720,002 time: 00:00:00.2250929 (99.54633% in 00:00:15.3413192) FilesGB=0.0 (0.0, 0.0, 0.0)
Step: 67; states: 464,913 time: 00:00:00.1221480 (99.74045% in 00:00:15.4638055) FilesGB=0.0 (0.0, 0.0, 0.0)
Step: 68; states: 284,204 time: 00:00:00.1014153 (99.85912% in 00:00:15.5653036) FilesGB=0.0 (0.0, 0.0, 0.0)
Step: 69; states: 165,094 time: 00:00:00.0932393 (99.92805% in 00:00:15.6586253) FilesGB=0.0 (0.0, 0.0, 0.0)
Step: 70; states: 89,649 time: 00:00:00.0883431 (99.96548% in 00:00:15.7470615) FilesGB=0.0 (0.0, 0.0, 0.0)
Step: 71; states: 45,758 time: 00:00:00.0844534 (99.98459% in 00:00:15.8316000) FilesGB=0.0 (0.0, 0.0, 0.0)
Step: 72; states: 21,471 time: 00:00:00.0825814 (99.99355% in 00:00:15.9142640) FilesGB=0.0 (0.0, 0.0, 0.0)
Step: 73; states: 9,583 time: 00:00:00.0811694 (99.99755% in 00:00:15.9955138) FilesGB=0.0 (0.0, 0.0, 0.0)
Step: 74; states: 3,829 time: 00:00:00.0802886 (99.99915% in 00:00:16.0758815) FilesGB=0.0 (0.0, 0.0, 0.0)
Step: 75; states: 1,427 time: 00:00:00.0799997 (99.99975% in 00:00:16.1559603) FilesGB=0.0 (0.0, 0.0, 0.0)
Step: 76; states: 430 time: 00:00:00.0796101 (99.99993% in 00:00:16.2356467) FilesGB=0.0 (0.0, 0.0, 0.0)
Step: 77; states: 129 time: 00:00:00.0801611 (99.99998% in 00:00:16.3158882) FilesGB=0.0 (0.0, 0.0, 0.0)
Step: 78; states: 33 time: 00:00:00.0798421 (99.99999% in 00:00:16.3958095) FilesGB=0.0 (0.0, 0.0, 0.0)
Step: 79; states: 12 time: 00:00:00.0797632 (100.00000% in 00:00:16.4756488) FilesGB=0.0 (0.0, 0.0, 0.0)
Step: 80; states: 2 time: 00:00:00.0796142 (100.00000% in 00:00:16.5553382) FilesGB=0.0 (0.0, 0.0, 0.0)
Steps: 80, Total: 239,500,800, eq=True
1 2 3 6 11 20 36 60 95 155 258 426 688 1106 1723 2615 3901 5885 8851 13205 19508 28593 41179 58899 83582 118109 165136 228596 312542 423797 568233 755727 994641 1296097 1667002 2119476 2660415 3300586 4038877 4877286 5804505 6810858 7864146 8929585 9958080 10902749 11716813 12356080 12791679 13002649 12981651 12723430 12245198 11572814 10738102 9772472 8720063 7623133 6526376 5459196 4457799 3546306 2749552 2068975 1510134 1064591 720002 464913 284204 165094 89649 45758 21471 9583 3829 1427 430 129 33 12 2
Total time: 00:00:16.6383274

1) Timer.FillSemifrontier=00:00:02.5788624
2) Timer.FillFrontier=00:00:12.8620548

GPUSolver: Items=119,750,400, time=00:00:01.0080345
UpDownCollector: collect=00:00:00.5733427 close=00:00:01.5823215
SemifrontierCollector: collect=00:00:00.5304088; close=00:00:00.0367470
SegmentedFile: WriteTime=00:00:00.2647965, Bytes=807,051,715, ReadTime=00:00:00.6166251, Bytes=1,187,374,256

Frontier: write=00:00:00.4407983, read=00:00:01.0424589
FrontierStates: collect=00:00:04.0496827
PackStates: pack=00:00:00.4627746 unpack=00:00:00.6643994
PackInts: pack=00:00:00.4321322 unpack=00:00:00.6190379
PackBytes: pack=00:00:00.0284458 unpack=00:00:00.0958638
