C:\PUZ\PUZ_NEWEST2\SlidingTiles\SlidingTileSolver\bin\Release\net5.0>SlidingTileSolver.exe
States: 4 x 2 147 483 648 = 8 589 934 592, s/f: 25 165 824; ud: 3 072 000 000 Needed: 8 589 934 592 bytes
GeForce GTX 1050 Ti [Type: Cuda, WarpSize: 32, MaxNumThreadsPerGroup: 1024, MemorySize: 4294967296]
Puzzle 14=7x2, states: 43 589 145 600, total: 49 816 166 400. Segments: 12
Step: 0; states: 1
Step: 1; states: 2 time: 00:00:01.2273271 (0,00000% in 00:00:02.1916935)
Step: 2; states: 3 time: 00:00:01.0596378 (0,00000% in 00:00:03.2515980)
Step: 3; states: 6 time: 00:00:01.0241151 (0,00000% in 00:00:04.2758626)
Step: 4; states: 11 time: 00:00:01.0278923 (0,00000% in 00:00:05.3038205)
Step: 5; states: 20 time: 00:00:01.0300286 (0,00000% in 00:00:06.3339195)
Step: 6; states: 37 time: 00:00:01.0314772 (0,00000% in 00:00:07.3654978)
Step: 7; states: 67 time: 00:00:01.0550018 (0,00000% in 00:00:08.4205744)
Step: 8; states: 117 time: 00:00:01.0913133 (0,00000% in 00:00:09.5182023)
Step: 9; states: 198 time: 00:00:01.0304075 (0,00000% in 00:00:10.5486775)
Step: 10; states: 329 time: 00:00:01.0226601 (0,00000% in 00:00:11.5714452)
Step: 11; states: 557 time: 00:00:01.0437484 (0,00000% in 00:00:12.6152603)
Step: 12; states: 942 time: 00:00:01.0172624 (0,00001% in 00:00:13.6326101)
Step: 13; states: 1 575 time: 00:00:01.0180429 (0,00001% in 00:00:14.6508647)
Step: 14; states: 2 597 time: 00:00:01.0226067 (0,00001% in 00:00:15.6735448)
Step: 15; states: 4 241 time: 00:00:01.0265623 (0,00002% in 00:00:16.7001851)
Step: 16; states: 6 724 time: 00:00:01.0318996 (0,00004% in 00:00:17.7321698)
Step: 17; states: 10 535 time: 00:00:01.0310235 (0,00006% in 00:00:18.7632866)
Step: 18; states: 16 396 time: 00:00:01.0390679 (0,00010% in 00:00:19.8024161)
Step: 19; states: 25 515 time: 00:00:01.0262214 (0,00016% in 00:00:20.8286997)
Step: 20; states: 39 362 time: 00:00:01.0358294 (0,00025% in 00:00:21.8645936)
Step: 21; states: 60 532 time: 00:00:01.0397663 (0,00039% in 00:00:22.9044349)
Step: 22; states: 92 089 time: 00:00:01.0925876 (0,00060% in 00:00:23.9970822)
Step: 23; states: 138 969 time: 00:00:01.0346140 (0,00092% in 00:00:25.0317664)
Step: 24; states: 207 274 time: 00:00:01.0674846 (0,00140% in 00:00:26.0993246)
Step: 25; states: 307 725 time: 00:00:01.0871527 (0,00210% in 00:00:27.1865458)
Step: 26; states: 453 000 time: 00:00:01.0709376 (0,00314% in 00:00:28.2575560)
Step: 27; states: 664 240 time: 00:00:01.0869063 (0,00466% in 00:00:29.3445256)
Step: 28; states: 964 874 time: 00:00:01.1058237 (0,00688% in 00:00:30.4504158)
Step: 29; states: 1 392 975 time: 00:00:01.1659224 (0,01007% in 00:00:31.6164030)
Step: 30; states: 1 992 353 time: 00:00:01.1784445 (0,01464% in 00:00:32.7949178)
Step: 31; states: 2 832 063 time: 00:00:01.2826276 (0,02114% in 00:00:34.0776490)
Step: 32; states: 3 988 528 time: 00:00:01.2950428 (0,03029% in 00:00:35.3728024)
Step: 33; states: 5 586 275 time: 00:00:01.3830927 (0,04311% in 00:00:36.7559610)
Step: 34; states: 7 756 511 time: 00:00:01.5133714 (0,06090% in 00:00:38.2693909)
Step: 35; states: 10 698 721 time: 00:00:01.6400827 (0,08545% in 00:00:39.9095301)
Step: 36; states: 14 621 717 time: 00:00:01.7961088 (0,11899% in 00:00:41.7056980)
Step: 37; states: 19 840 724 time: 00:00:02.0584604 (0,16451% in 00:00:43.7642129)
Step: 38; states: 26 676 629 time: 00:00:02.2491964 (0,22571% in 00:00:46.0134613)
Step: 39; states: 35 605 683 time: 00:00:02.5708162 (0,30739% in 00:00:48.5843539)
Step: 40; states: 47 083 756 time: 00:00:02.9028053 (0,41541% in 00:00:51.4872257)
Step: 41; states: 61 775 128 time: 00:00:03.4559702 (0,55713% in 00:00:54.9433107)
Step: 42; states: 80 280 617 time: 00:00:03.7834313 (0,74131% in 00:00:58.7267963)
Step: 43; states: 103 437 923 time: 00:00:04.4815395 (0,97861% in 00:01:03.2084463)
Step: 44; states: 131 954 019 time: 00:00:05.0970330 (1,28133% in 00:01:08.3055773)
Step: 45; states: 166 799 476 time: 00:00:06.4876606 (1,66399% in 00:01:14.7933647)
Step: 46; states: 208 715 971 time: 00:00:06.7978583 (2,14282% in 00:01:21.5912821)
Step: 47; states: 258 659 945 time: 00:00:07.8582337 (2,73622% in 00:01:29.4495757)
Step: 48; states: 317 168 280 time: 00:00:09.0043808 (3,46386% in 00:01:38.4540502)
Step: 49; states: 384 949 885 time: 00:00:10.7993924 (4,34699% in 00:01:49.2535279)
Step: 50; states: 462 104 381 time: 00:00:14.4520740 (5,40712% in 00:02:03.7057261)
Step: 51; states: 548 743 615 time: 00:00:13.8671255 (6,66602% in 00:02:17.5729705)
Step: 52; states: 644 208 445 time: 00:00:16.7498452 (8,14393% in 00:02:34.3229177)
Step: 53; states: 747 728 714 time: 00:00:21.0062155 (9,85934% in 00:02:55.3292640)
Step: 54; states: 857 838 218 time: 00:00:23.8701356 (11,82734% in 00:03:19.1994987)
Step: 55; states: 972 826 409 time: 00:00:25.6132879 (14,05915% in 00:03:44.8129233)
Step: 56; states: 1 090 524 780 time: 00:00:28.3459315 (16,56098% in 00:04:13.1589692)
Step: 57; states: 1 208 492 639 time: 00:00:34.3638173 (19,33344% in 00:04:47.5229075)
Step: 58; states: 1 324 294 771 time: 00:00:35.8385044 (22,37157% in 00:05:23.3615056)
Step: 59; states: 1 435 166 611 time: 00:00:35.7658189 (25,66406% in 00:05:59.1274168)
Step: 60; states: 1 538 445 477 time: 00:00:40.8876617 (29,19348% in 00:06:40.0151722)
Step: 61; states: 1 631 318 167 time: 00:00:43.2941110 (32,93597% in 00:07:23.3093809)
Step: 62; states: 1 711 407 623 time: 00:00:48.9122477 (36,86219% in 00:08:12.2217765)
Step: 63; states: 1 776 313 778 time: 00:00:51.8029913 (40,93732% in 00:09:04.0248933)
Step: 64; states: 1 824 122 769 time: 00:00:47.2130628 (45,12213% in 00:09:51.2380568)
Step: 65; states: 1 853 119 548 time: 00:00:49.0065667 (49,37346% in 00:10:40.2447231)
Step: 66; states: 1 862 320 864 time: 00:00:49.8910019 (53,64591% in 00:11:30.1358915)
Step: 67; states: 1 851 238 359 time: 00:00:52.9666943 (57,89292% in 00:12:23.1027064)
Step: 68; states: 1 820 042 135 time: 00:00:48.1027063 (62,06837% in 00:13:11.2055595)
Step: 69; states: 1 769 350 453 time: 00:00:52.6154792 (66,12752% in 00:14:03.8212225)
Step: 70; states: 1 700 564 453 time: 00:00:45.5860475 (70,02887% in 00:14:49.4073958)
Step: 71; states: 1 615 557 458 time: 00:00:46.6845494 (73,73520% in 00:15:36.0920896)
Step: 72; states: 1 516 675 570 time: 00:00:39.7250974 (77,21468% in 00:16:15.8172761)
Step: 73; states: 1 406 502 343 time: 00:00:42.9329859 (80,44141% in 00:16:58.7503426)
Step: 74; states: 1 288 154 452 time: 00:00:36.5016237 (83,39663% in 00:17:35.2522633)
Step: 75; states: 1 164 716 069 time: 00:00:31.2332474 (86,06866% in 00:18:06.4856432)
Step: 76; states: 1 039 257 451 time: 00:00:27.6256954 (88,45287% in 00:18:34.1115031)
Step: 77; states: 914 718 314 time: 00:00:25.8449500 (90,55137% in 00:18:59.9565883)
Step: 78; states: 793 783 415 time: 00:00:23.0097844 (92,37243% in 00:19:22.9665109)
Step: 79; states: 678 934 877 time: 00:00:19.4125326 (93,93001% in 00:19:42.3791814)
Step: 80; states: 571 912 137 time: 00:00:16.6238554 (95,24206% in 00:19:59.0031728)
Step: 81; states: 474 232 181 time: 00:00:14.4387696 (96,33002% in 00:20:13.4420511)
Step: 82; states: 386 713 150 time: 00:00:12.0190269 (97,21720% in 00:20:25.4612972)
Step: 83; states: 309 907 682 time: 00:00:10.0239077 (97,92817% in 00:20:35.4863994)
Step: 84; states: 243 779 436 time: 00:00:08.1492734 (98,48744% in 00:20:43.6357874)
Step: 85; states: 188 010 782 time: 00:00:06.7973660 (98,91876% in 00:20:50.4332931)
Step: 86; states: 142 009 132 time: 00:00:05.5929809 (99,24455% in 00:20:56.0263673)
Step: 87; states: 104 838 064 time: 00:00:04.6162342 (99,48507% in 00:21:00.6427227)
Step: 88; states: 75 576 381 time: 00:00:03.7305750 (99,65845% in 00:21:04.3734837)
Step: 89; states: 52 999 438 time: 00:00:03.0762505 (99,78004% in 00:21:07.4498278)
Step: 90; states: 36 159 280 time: 00:00:02.5154624 (99,86299% in 00:21:09.9653568)
Step: 91; states: 23 830 790 time: 00:00:02.0964771 (99,91766% in 00:21:12.0619286)
Step: 92; states: 15 194 456 time: 00:00:01.7785651 (99,95252% in 00:21:13.8405937)
Step: 93; states: 9 260 117 time: 00:00:01.5363374 (99,97377% in 00:21:15.3770286)
Step: 94; states: 5 426 429 time: 00:00:01.3535562 (99,98621% in 00:21:16.7307230)
Step: 95; states: 3 003 444 time: 00:00:01.2325799 (99,99311% in 00:21:17.9633693)
Step: 96; states: 1 590 744 time: 00:00:01.1403522 (99,99675% in 00:21:19.1037953)
Step: 97; states: 784 126 time: 00:00:01.0903023 (99,99855% in 00:21:20.1942430)
Step: 98; states: 369 889 time: 00:00:01.0563517 (99,99940% in 00:21:21.2506624)
Step: 99; states: 159 376 time: 00:00:01.0367144 (99,99977% in 00:21:22.2874500)
Step: 100; states: 65 645 time: 00:00:01.0268837 (99,99992% in 00:21:23.3144027)
Step: 101; states: 23 761 time: 00:00:01.0229662 (99,99997% in 00:21:24.3374420)
Step: 102; states: 8 357 time: 00:00:01.0225942 (99,99999% in 00:21:25.3601145)
Step: 103; states: 2 499 time: 00:00:01.0176749 (100,00000% in 00:21:26.3778789)
Step: 104; states: 779 time: 00:00:01.0184437 (100,00000% in 00:21:27.3964121)
Step: 105; states: 198 time: 00:00:01.0187686 (100,00000% in 00:21:28.4152470)
Step: 106; states: 43 time: 00:00:01.0187388 (100,00000% in 00:21:29.4340545)
Step: 107; states: 8 time: 00:00:01.0175923 (100,00000% in 00:21:30.4517133)
Step: 108; states: 1 time: 00:00:01.0173139 (100,00000% in 00:21:31.4691019)
Steps: 108, Total: 43 589 145 600, eq=True
1 2 3 6 11 20 37 67 117 198 329 557 942 1575 2597 4241 6724 10535 16396 25515 39362 60532 92089 138969 207274 307725 453000 664240 964874 1392975 1992353 2832063 3988528 5586275 7756511 10698721 14621717 19840724 26676629 35605683 47083756 61775128 80280617 103437923 131954019 166799476 208715971 258659945 317168280 384949885 462104381 548743615 644208445 747728714 857838218 972826409 1090524780 1208492639 1324294771 1435166611 1538445477 1631318167 1711407623 1776313778 1824122769 1853119548 1862320864 1851238359 1820042135 1769350453 1700564453 1615557458 1516675570 1406502343 1288154452 1164716069 1039257451 914718314 793783415 678934877 571912137 474232181 386713150 309907682 243779436 188010782 142009132 104838064 75576381 52999438 36159280 23830790 15194456 9260117 5426429 3003444 1590744 784126 369889 159376 65645 23761 8357 2499 779 198 43 8 1
Total time: 00:21:32.5238433

1) Timer.FillSemifrontier=00:05:52.3883896
2) Timer.FillFrontier=00:15:39.1128920

Timer.AddUpDown=00:20:14.6689657
Timer.AddLeftRight=00:10:20.1009682
Timer.FrontierCollector.Collect=00:21:32.2748082

GPUSolver: Items=319 736 320, time=00:03:43.0440031
UpDownCollector: collect=00:08:30.8354050 close=00:07:11.3435518
SemifrontierCollector: collect=00:04:05.7496655; close=00:00:18.8599151
SegmentedFileUint: WriteTime=00:07:51.7540377, Bytes=156 500 728 698, ReadTime=00:16:39.9018147, Bytes=225 823 165 152

Frontier: write=00:03:53.4383950, read=00:06:09.2766620
FrontierStates: collect=00:21:32.2700190
PackStates: pack=00:01:06.6166533 unpack=00:02:14.2702921
PackInts: pack=00:00:57.2919477 unpack=00:01:56.3484166
PackBytes: pack=00:00:10.4327222 unpack=00:00:22.8965392

C:\PUZ\PUZ_NEWEST2\SlidingTiles\SlidingTileSolver\bin\Release\net5.0>