C:\PUZ\PUZ_NEWEST2\SlidingTiles\SlidingTileSolver\bin\Release\net5.0>SlidingTileSolver.exe
States: 4 x 2 147 483 648 = 8 589 934 592, s/f: 341 835 776; ud: 3 072 000 000 Needed: 8 589 934 592 bytes
GeForce GTX 1050 Ti [Type: Cuda, WarpSize: 32, MaxNumThreadsPerGroup: 1024, MemorySize: 4294967296]
Puzzle 15=5x3, states: 653 837 184 000, total: 697 426 329 600. Segments: 163
Step: 0; states: 1
.Step: 1; states: 2 time: 00:00:01.2415150 (0,00000% in 00:00:02.0609990)
.Step: 2; states: 4 time: 00:00:01.0920224 (0,00000% in 00:00:03.1547431)
.Step: 3; states: 9 time: 00:00:01.0767047 (0,00000% in 00:00:04.2315316)
.Step: 4; states: 21 time: 00:00:01.0641419 (0,00000% in 00:00:05.2957696)
.Step: 5; states: 42 time: 00:00:01.0616457 (0,00000% in 00:00:06.3574826)
.Step: 6; states: 89 time: 00:00:01.0631202 (0,00000% in 00:00:07.4206748)
.Step: 7; states: 164 time: 00:00:01.0629900 (0,00000% in 00:00:08.4837386)
.Step: 8; states: 349 time: 00:00:01.0641386 (0,00000% in 00:00:09.5479443)
.Step: 9; states: 644 time: 00:00:01.0650967 (0,00000% in 00:00:10.6131118)
.Step: 10; states: 1 349 time: 00:00:01.0987992 (0,00000% in 00:00:11.7119821)
.Step: 11; states: 2 473 time: 00:00:01.0678966 (0,00000% in 00:00:12.7799461)
.Step: 12; states: 5 109 time: 00:00:01.0767300 (0,00000% in 00:00:13.8567357)
.Step: 13; states: 9 110 time: 00:00:01.0639686 (0,00000% in 00:00:14.9207719)
.Step: 14; states: 18 489 time: 00:00:01.0662122 (0,00001% in 00:00:15.9870459)
.Step: 15; states: 32 321 time: 00:00:01.0706138 (0,00001% in 00:00:17.0579060)
.Step: 16; states: 64 962 time: 00:00:01.0719939 (0,00002% in 00:00:18.1299893)
.Step: 17; states: 112 445 time: 00:00:01.0766019 (0,00004% in 00:00:19.2066625)
.Step: 18; states: 223 153 time: 00:00:01.0907251 (0,00007% in 00:00:20.2974639)
.Step: 19; states: 378 761 time: 00:00:01.1091746 (0,00013% in 00:00:21.4067106)
.Step: 20; states: 740 095 time: 00:00:01.1459830 (0,00024% in 00:00:22.5527487)
.Step: 21; states: 1 231 589 time: 00:00:01.1914736 (0,00043% in 00:00:23.7442853)
.Step: 22; states: 2 364 342 time: 00:00:01.2807197 (0,00079% in 00:00:25.0250627)
.Step: 23; states: 3 847 629 time: 00:00:01.4447342 (0,00138% in 00:00:26.4698536)
.Step: 24; states: 7 246 578 time: 00:00:01.7200828 (0,00249% in 00:00:28.1899944)
.Step: 25; states: 11 506 172 time: 00:00:02.1280943 (0,00425% in 00:00:30.3181460)
.Step: 26; states: 21 233 764 time: 00:00:02.7453873 (0,00750% in 00:00:33.0635979)
.Step: 27; states: 32 854 049 time: 00:00:03.6564080 (0,01252% in 00:00:36.7200626)
.Step: 28; states: 59 293 970 time: 00:00:05.0458047 (0,02159% in 00:00:41.7659306)
.Step: 29; states: 89 146 163 time: 00:00:06.8350907 (0,03522% in 00:00:48.6010882)
.Step: 30; states: 157 015 152 time: 00:00:09.7186586 (0,05924% in 00:00:58.3198152)
.Step: 31; states: 228 894 783 time: 00:00:13.2529170 (0,09425% in 00:01:11.5727977)
.Step: 32; states: 392 648 931 time: 00:00:18.8870981 (0,15430% in 00:01:30.4599559)
.Step: 33; states: 553 489 877 time: 00:00:27.6018966 (0,23895% in 00:01:58.0619417)
.Step: 34; states: 922 382 155 time: 00:00:37.6308255 (0,38002% in 00:02:35.6929238)
.Step: 35; states: 1 253 605 100 time: 00:00:49.3859979 (0,57176% in 00:03:25.0790401)
.Step: 36; states: 2 023 948 293 time: 00:01:23.7206786 (0,88130% in 00:04:48.7998282)
.Step: 37; states: 2 642 914 623 time: 00:01:27.7563704 (1,28552% in 00:06:16.5562961)
.Step: 38; states: 4 120 279 612 time: 00:02:13.2119228 (1,91569% in 00:08:29.7683275)
.Step: 39; states: 5 148 314 561 time: 00:02:39.6168659 (2,70309% in 00:11:09.3853110)
.Step: 40; states: 7 724 532 034 time: 00:03:27.3354604 (3,88451% in 00:14:36.7208665)
.Step: 41; states: 9 199 799 154 time: 00:04:31.8195526 (5,29155% in 00:19:08.5405336)
.Step: 42; states: 13 246 457 713 time: 00:05:44.1271647 (7,31751% in 00:24:52.6678220)
.Step: 43; states: 14 989 319 785 time: 00:06:56.6347718 (9,61002% in 00:31:49.3027028)
.Step: 44; states: 20 670 772 402 time: 00:09:09.0762206 (12,77148% in 00:40:58.3817301)
.Step: 45; states: 22 175 539 691 time: 00:10:06.7140461 (16,16308% in 00:51:05.0960467)
.Step: 46; states: 29 256 857 608 time: 00:12:11.6050516 (20,63772% in 01:03:16.7041738)
.Step: 47; states: 29 720 831 702 time: 00:13:56.9318861 (25,18332% in 01:17:13.6392496)
.Step: 48; states: 37 494 316 617 time: 00:15:29.5822386 (30,91782% in 01:32:43.2247842)
.Step: 49; states: 36 040 261 784 time: 00:16:47.3758419 (36,42994% in 01:49:30.6044704)
.Step: 50; states: 43 456 588 792 time: 00:18:26.5734870 (43,07633% in 02:07:57.1814942)
.Step: 51; states: 39 489 966 889 time: 00:18:57.1475993 (49,11606% in 02:26:54.3331506)
.Step: 52; states: 45 473 143 333 time: 00:19:44.3387347 (56,07087% in 02:46:38.6759321)
.Step: 53; states: 39 013 132 880 time: 00:18:59.1591095 (62,03767% in 03:05:37.8413283)
.Step: 54; states: 42 843 777 396 time: 00:19:47.8074923 (68,59033% in 03:25:25.6521986)
.Step: 55; states: 34 634 595 224 time: 00:17:36.7207993 (73,88746% in 03:43:02.3784583)
.Step: 56; states: 36 201 542 605 time: 00:16:28.1684726 (79,42424% in 03:59:30.5510749)
.Step: 57; states: 27 498 739 245 time: 00:14:17.5344323 (83,62999% in 04:13:48.0897088)
.Step: 58; states: 27 279 157 652 time: 00:12:48.0772835 (87,80216% in 04:26:36.1704202)
.Step: 59; states: 19 394 857 005 time: 00:10:43.2910725 (90,76847% in 04:37:19.4655182)
.Step: 60; states: 18 188 522 435 time: 00:09:07.9622624 (93,55028% in 04:46:27.4309512)
.Step: 61; states: 12 035 839 867 time: 00:07:03.6272145 (95,39108% in 04:53:31.0604203)
.Step: 62; states: 10 609 974 233 time: 00:05:46.4048959 (97,01381% in 04:59:17.4654375)
.Step: 63; states: 6 480 164 672 time: 00:04:08.4822728 (98,00490% in 05:03:25.9478582)
.Step: 64; states: 5 324 826 466 time: 00:03:10.5314939 (98,81930% in 05:06:36.4795296)
.Step: 65; states: 2 963 664 642 time: 00:02:13.0899110 (99,27257% in 05:08:49.5696065)
.Step: 66; states: 2 241 211 464 time: 00:01:42.6530415 (99,61535% in 05:10:32.2227936)
.Step: 67; states: 1 114 401 509 time: 00:00:59.6613191 (99,78579% in 05:11:31.8842623)
.Step: 68; states: 760 520 424 time: 00:00:40.1207075 (99,90211% in 05:12:12.0050965)
.Step: 69; states: 327 445 752 time: 00:00:23.1337977 (99,95219% in 05:12:35.1390238)
.Step: 70; states: 195 462 601 time: 00:00:14.2680033 (99,98208% in 05:12:49.4071299)
.Step: 71; states: 69 272 233 time: 00:00:07.1015219 (99,99268% in 05:12:56.5087611)
.Step: 72; states: 34 371 729 time: 00:00:04.2718830 (99,99793% in 05:13:00.7807181)
.Step: 73; states: 9 207 635 time: 00:00:02.1762081 (99,99934% in 05:13:02.9569963)
.Step: 74; states: 3 495 571 time: 00:00:01.5018430 (99,99988% in 05:13:04.4594383)
.Step: 75; states: 621 091 time: 00:00:01.1477672 (99,99997% in 05:13:05.6072751)
.Step: 76; states: 163 627 time: 00:00:01.0836604 (100,00000% in 05:13:06.6910130)
.Step: 77; states: 17 629 time: 00:00:01.0658819 (100,00000% in 05:13:07.7569763)
.Step: 78; states: 3 599 time: 00:00:01.0640608 (100,00000% in 05:13:08.8211193)
.Step: 79; states: 280 time: 00:00:01.0624127 (100,00000% in 05:13:09.8836015)
.Step: 80; states: 75 time: 00:00:01.0644014 (100,00000% in 05:13:10.9480791)
.Step: 81; states: 12 time: 00:00:01.0608759 (100,00000% in 05:13:12.0090200)
.Step: 82; states: 5 time: 00:00:01.0606035 (100,00000% in 05:13:13.0696955)
.Step: 83; states: 2 time: 00:00:01.0631155 (100,00000% in 05:13:14.1328726)
.Step: 84; states: 1 time: 00:00:01.0692161 (100,00000% in 05:13:15.2021638)
.Steps: 84, Total: 653 837 184 000, eq=True
1 2 4 9 21 42 89 164 349 644 1349 2473 5109 9110 18489 32321 64962 112445 223153 378761 740095 1231589 2364342 3847629 7246578 11506172 21233764 32854049 59293970 89146163 157015152 228894783 392648931 553489877 922382155 1253605100 2023948293 2642914623 4120279612 5148314561 7724532034 9199799154 13246457713 14989319785 20670772402 22175539691 29256857608 29720831702 37494316617 36040261784 43456588792 39489966889 45473143333 39013132880 42843777396 34634595224 36201542605 27498739245 27279157652 19394857005 18188522435 12035839867 10609974233 6480164672 5324826466 2963664642 2241211464 1114401509 760520424 327445752 195462601 69272233 34371729 9207635 3495571 621091 163627 17629 3599 280 75 12 5 2 1
Total time: 05:13:16.3099461

1) Timer.FillSemifrontier=01:38:58.8571700
2) Timer.FillFrontier=03:34:16.5060388

Timer.AddUpDown=07:43:11.2755064
Timer.AddLeftRight=01:56:26.5852947
Timer.FrontierCollector.Collect=04:25:19.9123604

GPUSolver: Items=2 099 759 104, time=01:22:53.1089327
UpDownCollector: collect=04:48:41.2309483 close=00:08:08.8074988
SemifrontierCollector: collect=01:29:31.9926854; close=00:00:42.5038053
SegmentedFileUint: WriteTime=02:06:44.7417548, Bytes=2 753 779 763 415, ReadTime=07:17:06.6100389, Bytes=3 764 006 776 125

Frontier: write=01:11:21.0896326, read=01:54:42.9304001
FrontierStates: collect=04:25:19.8691701
PackStates: pack=00:16:41.7840731 unpack=00:32:48.4013473
PackInts: pack=00:14:23.7895087 unpack=00:27:58.0336358
PackBytes: pack=00:02:32.5366636 unpack=00:05:16.7608301

C:\PUZ\PUZ_NEWEST2\SlidingTiles\SlidingTileSolver\bin\Release\net5.0>