C:\PUZ\PUZ_NEWEST2\SlidingTiles\SlidingTileSolver\bin\Release\net5.0>SlidingTileSolver.exe
States: 4 x 2 147 483 648 = 8 589 934 592, s/f: 5 108 662 272; ud: 3 072 000 000 Needed: 8 589 934 592 bytes
GeForce GTX 1050 Ti [Type: Cuda, WarpSize: 32, MaxNumThreadsPerGroup: 1024, MemorySize: 4294967296]
Puzzle 16=4x4, states: 10 461 394 944 000, total: 10 461 394 944 000. Segments: 2436
Step: 0; states: 1
.Step: 1; states: 2 time: 00:00:02.2275431 (0,00000% in 00:00:03.1740214)
.Step: 2; states: 4 time: 00:00:01.9065446 (0,00000% in 00:00:05.0814129)
.Step: 3; states: 10 time: 00:00:01.8171120 (0,00000% in 00:00:06.8986764)
.Step: 4; states: 24 time: 00:00:01.7584975 (0,00000% in 00:00:08.6572637)
.Step: 5; states: 54 time: 00:00:01.6993994 (0,00000% in 00:00:10.3567409)
.Step: 6; states: 107 time: 00:00:01.8095473 (0,00000% in 00:00:12.1663479)
.Step: 7; states: 212 time: 00:00:01.7340480 (0,00000% in 00:00:13.9004686)
.Step: 8; states: 446 time: 00:00:01.7348361 (0,00000% in 00:00:15.6353722)
.Step: 9; states: 946 time: 00:00:01.7488728 (0,00000% in 00:00:17.3843206)
.Step: 10; states: 1 948 time: 00:00:01.7349438 (0,00000% in 00:00:19.1193377)
.Step: 11; states: 3 938 time: 00:00:01.7501704 (0,00000% in 00:00:20.8695975)
.Step: 12; states: 7 808 time: 00:00:01.7410750 (0,00000% in 00:00:22.6107419)
.Step: 13; states: 15 544 time: 00:00:01.7501468 (0,00000% in 00:00:24.3609676)
.Step: 14; states: 30 821 time: 00:00:01.7475224 (0,00000% in 00:00:26.1085661)
.Step: 15; states: 60 842 time: 00:00:01.7553318 (0,00000% in 00:00:27.8639926)
.Step: 16; states: 119 000 time: 00:00:01.7464800 (0,00000% in 00:00:29.6105514)
.Step: 17; states: 231 844 time: 00:00:01.7571783 (0,00000% in 00:00:31.3678864)
.Step: 18; states: 447 342 time: 00:00:01.7923838 (0,00001% in 00:00:33.1603348)
.Step: 19; states: 859 744 time: 00:00:01.8093419 (0,00002% in 00:00:34.9697509)
.Step: 20; states: 1 637 383 time: 00:00:01.8637596 (0,00003% in 00:00:36.8335909)
.Step: 21; states: 3 098 270 time: 00:00:01.9959721 (0,00006% in 00:00:38.8296192)
.Step: 22; states: 5 802 411 time: 00:00:02.2157296 (0,00012% in 00:00:41.0454127)
.Step: 23; states: 10 783 780 time: 00:00:02.6731828 (0,00022% in 00:00:43.7186639)
.Step: 24; states: 19 826 318 time: 00:00:03.4094375 (0,00041% in 00:00:47.1281684)
.Step: 25; states: 36 142 146 time: 00:00:04.8400092 (0,00076% in 00:00:51.9682420)
.Step: 26; states: 65 135 623 time: 00:00:07.0731728 (0,00138% in 00:00:59.0414710)
.Step: 27; states: 116 238 056 time: 00:00:11.1607151 (0,00249% in 00:01:10.2022574)
.Step: 28; states: 204 900 019 time: 00:00:17.0605088 (0,00445% in 00:01:27.2629013)
.Step: 29; states: 357 071 928 time: 00:00:26.9350384 (0,00786% in 00:01:54.1980036)
.Step: 30; states: 613 926 161 time: 00:00:42.6941762 (0,01373% in 00:02:36.8922355)
.Step: 31; states: 1 042 022 040 time: 00:01:07.3051750 (0,02369% in 00:03:44.1974928)
.Step: 32; states: 1 742 855 397 time: 00:01:42.3279961 (0,04035% in 00:05:26.5255895)
.Step: 33; states: 2 873 077 198 time: 00:02:36.1727197 (0,06781% in 00:08:02.6984013)
.Step: 34; states: 4 660 800 459 time: 00:03:44.9497683 (0,11237% in 00:11:47.6482385)
.Step: 35; states: 7 439 530 828 time: 00:05:21.8350350 (0,18348% in 00:17:09.4833795)
.Step: 36; states: 11 668 443 776 time: 00:07:37.4560412 (0,29502% in 00:24:46.9395337)
.Step: 37; states: 17 976 412 262 time: 00:10:48.0145120 (0,46685% in 00:35:34.9541289)
.Step: 38; states: 27 171 347 953 time: 00:15:21.4649397 (0,72658% in 00:50:56.4195536)
.Step: 39; states: 40 271 406 380 time: 00:21:29.3146735 (1,11154% in 01:12:25.7349948)
.Step: 40; states: 58 469 060 820 time: 00:29:31.4507082 (1,67044% in 01:41:57.1866651)
.Step: 41; states: 83 099 401 368 time: 00:41:03.8769824 (2,46478% in 02:23:01.0681074)
.Step: 42; states: 115 516 106 664 time: 00:55:14.3934321 (3,56900% in 03:18:15.4678955)
.Step: 43; states: 156 935 291 234 time: 01:17:02.5108500 (5,06913% in 04:35:17.9834944)
.Step: 44; states: 208 207 973 510 time: 01:44:58.0722949 (7,05938% in 06:20:16.0631322)
.Step: 45; states: 269 527 755 972 time: 02:21:28.7748037 (9,63579% in 08:41:44.8477460)
.Step: 46; states: 340 163 141 928 time: 03:01:04.7782101 (12,88739% in 11:42:49.6372107)
.Step: 47; states: 418 170 132 006 time: 04:04:11.7390712 (16,88466% in 15:47:01.3828851)
.Step: 48; states: 500 252 508 256 time: 04:40:43.7466382 (21,66655% in 20:27:45.1391110)
.Step: 49; states: 581 813 416 256 time: 05:38:20.6383682 (27,22808% in 1.02:06:05.7890183)
.Step: 50; states: 657 076 739 307 time: 06:23:56.2814481 (33,50905% in 1.08:30:02.0877917)
.Step: 51; states: 719 872 287 190 time: 07:12:20.2903276 (40,39027% in 1.15:42:22.3880156)
.Step: 52; states: 763 865 196 269 time: 07:42:25.9361556 (47,69203% in 1.23:24:48.3330243)
.Step: 53; states: 784 195 801 886 time: 08:02:19.6812605 (55,18812% in 2.07:27:08.0253845)
.Step: 54; states: 777 302 007 562 time: 08:02:09.8061011 (62,61831% in 2.15:29:17.8449240)
.Step: 55; states: 742 946 121 222 time: 07:55:35.0004952 (69,72010% in 2.23:24:52.8559739)
.Step: 56; states: 683 025 093 505 time: 07:18:23.1549941 (76,24911% in 3.06:43:16.0207172)
.Step: 57; states: 603 043 436 904 time: 06:40:10.3757406 (82,01357% in 3.13:23:26.4112329)
.Step: 58; states: 509 897 148 964 time: 05:36:44.7093953 (86,88766% in 3.19:00:11.1303684)
.Step: 59; states: 412 039 723 036 time: 04:43:48.9450068 (90,82633% in 3.23:44:00.0833891)
.Step: 60; states: 317 373 604 363 time: 03:34:00.2775976 (93,86009% in 4.03:18:00.3699382)
.Step: 61; states: 232 306 415 924 time: 02:44:33.0769176 (96,08069% in 4.06:02:33.4594663)
.Step: 62; states: 161 303 043 901 time: 01:54:42.6191086 (97,62258% in 4.07:57:16.0905564)
.Step: 63; states: 105 730 020 222 time: 01:21:03.4728600 (98,63325% in 4.09:18:19.5765852)
.Step: 64; states: 65 450 375 310 time: 00:51:11.4646462 (99,25889% in 4.10:09:31.0554414)
.Step: 65; states: 37 942 606 582 time: 00:31:24.8895298 (99,62158% in 4.10:40:55.9523793)
.Step: 66; states: 20 696 691 144 time: 00:19:04.0501890 (99,81942% in 4.11:00:00.0078280)
.Step: 67; states: 10 460 286 822 time: 00:10:58.9392465 (99,91941% in 4.11:10:58.9526493)
.Step: 68; states: 4 961 671 731 time: 00:05:39.1513497 (99,96683% in 4.11:16:38.1052434)
.Step: 69; states: 2 144 789 574 time: 00:02:59.0752040 (99,98734% in 4.11:19:37.1805671)
.Step: 70; states: 868 923 831 time: 00:01:15.3917521 (99,99564% in 4.11:20:52.5724392)
.Step: 71; states: 311 901 840 time: 00:00:35.8041828 (99,99862% in 4.11:21:28.3767154)
.Step: 72; states: 104 859 366 time: 00:00:11.1904098 (99,99963% in 4.11:21:39.5671961)
.Step: 73; states: 29 592 634 time: 00:00:04.5114693 (99,99991% in 4.11:21:44.0787406)
.Step: 74; states: 7 766 947 time: 00:00:02.4254614 (99,99998% in 4.11:21:46.5042803)
.Step: 75; states: 1 508 596 time: 00:00:01.8641624 (100,00000% in 4.11:21:48.3685225)
.Step: 76; states: 272 198 time: 00:00:01.7617582 (100,00000% in 4.11:21:50.1327144)
.Step: 77; states: 26 638 time: 00:00:01.7334057 (100,00000% in 4.11:21:51.8661853)
.Step: 78; states: 3 406 time: 00:00:01.7297384 (100,00000% in 4.11:21:53.5959938)
.Step: 79; states: 70 time: 00:00:01.7299361 (100,00000% in 4.11:21:55.3259956)
.Step: 80; states: 17 time: 00:00:01.7257373 (100,00000% in 4.11:21:57.0517929)
.Steps: 80, Total: 10 461 394 944 000, eq=True
1 2 4 10 24 54 107 212 446 946 1948 3938 7808 15544 30821 60842 119000 231844 447342 859744 1637383 3098270 5802411 10783780 19826318 36142146 65135623 116238056 204900019 357071928 613926161 1042022040 1742855397 2873077198 4660800459 7439530828 11668443776 17976412262 27171347953 40271406380 58469060820 83099401368 115516106664 156935291234 208207973510 269527755972 340163141928 418170132006 500252508256 581813416256 657076739307 719872287190 763865196269 784195801886 777302007562 742946121222 683025093505 603043436904 509897148964 412039723036 317373604363 232306415924 161303043901 105730020222 65450375310 37942606582 20696691144 10460286822 4961671731 2144789574 868923831 311901840 104859366 29592634 7766947 1508596 272198 26638 3406 70 17
Total time: 4.11:21:58.8570741

1) Timer.FillSemifrontier=1.20:33:58.2780959
2) Timer.FillFrontier=2.14:47:59.2413776

Timer.AddUpDown=6.05:26:40.0659846
Timer.AddLeftRight=1.07:30:52.2388127
Timer.FrontierCollector.Collect=2.22:02:58.3451530

GPUSolver: Items=-859 041 792, time=1.01:05:06.0949498
UpDownCollector: collect=6.04:06:31.7518629 close=00:45:09.7202628
SemifrontierCollector: collect=3.19:42:37.6508536; close=00:10:30.2607217
SegmentedFileUint: WriteTime=3.04:49:01.1141555, Bytes=47 481 870 541 471, ReadTime=6.10:44:27.5137456, Bytes=63 580 907 540 176

Frontier: write=23:29:38.1554455, read=1.14:14:04.9807318
FrontierStates: collect=2.22:02:57.2248543
PackStates: pack=04:13:33.7715005 unpack=08:10:16.8241762
PackInts: pack=03:39:45.0174446 unpack=07:00:38.9363541
PackBytes: pack=00:36:42.3676225 unpack=01:14:03.3103924

C:\PUZ\PUZ_NEWEST2\SlidingTiles\SlidingTileSolver\bin\Release\net5.0>