C:\PUZ\PUZ3\SlidingTiles\SlidingTileSolver\bin\Release\net5.0>SlidingTileSolver.exe
States: 4 x 2 147 483 648 = 8 589 934 592, s/f: 5 108 662 272; ud: 3 072 000 000 Needed: 8 589 934 592 bytes
GeForce GTX 1050 Ti [Type: Cuda, WarpSize: 32, MaxNumThreadsPerGroup: 1024, MemorySize: 4294967296]
Puzzle 16=8x2, states: 10 461 394 944 000, total: 10 461 394 944 000. Segments: 2436
Step: 0; states: 1
Step: 1; states: 2 time: 00:00:02.7348354 (0,00000% in 00:00:03.5646580)
Step: 2; states: 3 time: 00:00:01.9651971 (0,00000% in 00:00:05.5302507)
Step: 3; states: 6 time: 00:00:01.8262291 (0,00000% in 00:00:07.3567921)
Step: 4; states: 11 time: 00:00:01.7129078 (0,00000% in 00:00:09.0697821)
Step: 5; states: 20 time: 00:00:01.7796565 (0,00000% in 00:00:10.8495123)
Step: 6; states: 37 time: 00:00:01.7970278 (0,00000% in 00:00:12.6466190)
Step: 7; states: 68 time: 00:00:01.8043895 (0,00000% in 00:00:14.4510978)
Step: 8; states: 125 time: 00:00:01.8455101 (0,00000% in 00:00:16.2966859)
Step: 9; states: 227 time: 00:00:01.7645008 (0,00000% in 00:00:18.0612697)
Step: 10; states: 394 time: 00:00:01.8560982 (0,00000% in 00:00:19.9174542)
Step: 11; states: 672 time: 00:00:01.8944001 (0,00000% in 00:00:21.8119482)
Step: 12; states: 1 151 time: 00:00:01.8437375 (0,00000% in 00:00:23.6557604)
Step: 13; states: 1 983 time: 00:00:01.7706811 (0,00000% in 00:00:25.4265407)
Step: 14; states: 3 373 time: 00:00:01.7496850 (0,00000% in 00:00:27.1763115)
Step: 15; states: 5 703 time: 00:00:01.7352962 (0,00000% in 00:00:28.9116905)
Step: 16; states: 9 508 time: 00:00:01.7386888 (0,00000% in 00:00:30.6504942)
Step: 17; states: 15 640 time: 00:00:01.7415112 (0,00000% in 00:00:32.3920936)
Step: 18; states: 25 293 time: 00:00:01.7359255 (0,00000% in 00:00:34.1280954)
Step: 19; states: 40 732 time: 00:00:01.7516439 (0,00000% in 00:00:35.8798088)
Step: 20; states: 65 032 time: 00:00:01.7507237 (0,00000% in 00:00:37.6306134)
Step: 21; states: 103 390 time: 00:00:01.7658807 (0,00000% in 00:00:39.3965700)
Step: 22; states: 162 830 time: 00:00:01.7482506 (0,00000% in 00:00:41.1448842)
Step: 23; states: 255 543 time: 00:00:01.7615327 (0,00001% in 00:00:42.9064881)
Step: 24; states: 397 013 time: 00:00:01.7743063 (0,00001% in 00:00:44.6808981)
Step: 25; states: 613 104 time: 00:00:01.7816986 (0,00002% in 00:00:46.4626886)
Step: 26; states: 938 477 time: 00:00:01.8132273 (0,00003% in 00:00:48.2759941)
Step: 27; states: 1 431 068 time: 00:00:01.9896858 (0,00004% in 00:00:50.2657605)
Step: 28; states: 2 162 964 time: 00:00:01.8887868 (0,00006% in 00:00:52.1546174)
Step: 29; states: 3 255 845 time: 00:00:01.9475553 (0,00009% in 00:00:54.1022487)
Step: 30; states: 4 860 428 time: 00:00:02.0466016 (0,00014% in 00:00:56.1489205)
Step: 31; states: 7 223 861 time: 00:00:02.2424982 (0,00021% in 00:00:58.3915558)
Step: 32; states: 10 649 867 time: 00:00:02.4798098 (0,00031% in 00:01:00.8715061)
Step: 33; states: 15 628 073 time: 00:00:02.8319338 (0,00046% in 00:01:03.7035039)
Step: 34; states: 22 747 718 time: 00:00:03.3499603 (0,00067% in 00:01:07.0535242)
Step: 35; states: 32 963 838 time: 00:00:04.1316970 (0,00099% in 00:01:11.1852778)
Step: 36; states: 47 397 514 time: 00:00:05.1230217 (0,00144% in 00:01:16.3083579)
Step: 37; states: 67 825 949 time: 00:00:06.6037796 (0,00209% in 00:01:22.9122115)
Step: 38; states: 96 317 070 time: 00:00:08.4928247 (0,00301% in 00:01:31.4050955)
Step: 39; states: 136 092 168 time: 00:00:11.3141018 (0,00431% in 00:01:42.7192580)
Step: 40; states: 190 813 727 time: 00:00:14.6100077 (0,00614% in 00:01:57.3293310)
Step: 41; states: 266 142 022 time: 00:00:19.5779510 (0,00868% in 00:02:16.9073414)
Step: 42; states: 368 381 756 time: 00:00:24.8931787 (0,01220% in 00:02:41.8005904)
Step: 43; states: 507 128 327 time: 00:00:32.7761517 (0,01705% in 00:03:14.5768197)
Step: 44; states: 692 814 488 time: 00:00:42.0433097 (0,02367% in 00:03:56.6202493)
Step: 45; states: 941 001 379 time: 00:00:56.2609418 (0,03267% in 00:04:52.8813016)
Step: 46; states: 1 268 233 753 time: 00:01:10.1265983 (0,04479% in 00:06:03.0079893)
Step: 47; states: 1 698 874 519 time: 00:01:31.0390191 (0,06103% in 00:07:34.0471381)
Step: 48; states: 2 258 065 650 time: 00:01:51.5012593 (0,08261% in 00:09:25.5485112)
Step: 49; states: 2 982 209 905 time: 00:02:24.0159918 (0,11112% in 00:11:49.5646410)
Step: 50; states: 3 907 555 448 time: 00:02:54.3645890 (0,14847% in 00:14:43.9293377)
Step: 51; states: 5 085 696 837 time: 00:03:41.8680540 (0,19709% in 00:18:25.7975793)
Step: 52; states: 6 565 947 616 time: 00:04:27.4437026 (0,25985% in 00:22:53.2417216)
Step: 53; states: 8 417 412 079 time: 00:05:34.0871594 (0,34031% in 00:28:27.3290150)
Step: 54; states: 10 702 957 193 time: 00:06:34.6334616 (0,44262% in 00:35:01.9626162)
Step: 55; states: 13 509 495 739 time: 00:07:57.9019657 (0,57176% in 00:42:59.8647085)
Step: 56; states: 16 910 707 683 time: 00:09:30.0626592 (0,73341% in 00:52:29.9275613)
Step: 57; states: 21 007 433 464 time: 00:11:19.2701224 (0,93422% in 01:03:49.2000767)
Step: 58; states: 25 877 447 013 time: 00:13:01.2155927 (1,18158% in 01:16:50.4162411)
Step: 59; states: 31 626 925 469 time: 00:16:09.4488034 (1,48390% in 01:32:59.8658590)
Step: 60; states: 38 325 925 624 time: 00:17:57.0356092 (1,85025% in 01:50:56.9035267)
Step: 61; states: 46 071 949 391 time: 00:21:59.5640701 (2,29065% in 02:12:56.4681264)
Step: 62; states: 54 912 130 427 time: 00:25:09.2975943 (2,81556% in 02:38:05.7665887)
Step: 63; states: 64 918 763 515 time: 00:28:29.6983992 (3,43611% in 03:06:35.4679250)
Step: 64; states: 76 101 355 145 time: 00:32:49.1476441 (4,16356% in 03:39:24.6177279)
Step: 65; states: 88 490 648 648 time: 00:36:49.8710235 (5,00944% in 04:16:14.4919685)
Step: 66; states: 102 047 648 278 time: 00:41:00.8889522 (5,98491% in 04:57:15.3857931)
Step: 67; states: 116 751 018 040 time: 00:46:58.5873594 (7,10093% in 05:44:13.9781912)
Step: 68; states: 132 505 409 053 time: 00:51:39.2612887 (8,36754% in 06:35:53.2457233)
Step: 69; states: 149 228 835 807 time: 00:57:53.0833813 (9,79401% in 07:33:46.3377089)
Step: 70; states: 166 764 383 803 time: 01:03:19.1842283 (11,38810% in 08:37:05.5277682)
Step: 71; states: 184 966 765 671 time: 01:11:28.2896078 (13,15619% in 09:48:33.8236950)
Step: 72; states: 203 618 622 735 time: 01:16:35.7065184 (15,10257% in 11:05:09.5367018)
Step: 73; states: 222 514 691 756 time: 01:26:15.0797370 (17,22958% in 12:31:24.6229010)
Step: 74; states: 241 382 142 517 time: 01:29:54.5516663 (19,53694% in 14:01:19.1818552)
Step: 75; states: 259 966 787 337 time: 01:39:05.9153018 (22,02195% in 15:40:25.1026397)
Step: 76; states: 277 960 449 271 time: 01:43:21.3603940 (24,67896% in 17:23:46.4705195)
Step: 77; states: 295 081 943 100 time: 01:55:21.4945342 (27,49964% in 19:19:07.9769598)
Step: 78; states: 311 010 808 823 time: 01:55:38.0938668 (30,47258% in 21:14:46.0768717)
Step: 79; states: 325 463 837 570 time: 02:05:32.6516415 (33,58367% in 23:20:18.7336422)
Step: 80; states: 338 143 708 463 time: 02:05:34.7555921 (36,81597% in 1.01:25:53.4957399)
Step: 81; states: 348 798 802 857 time: 02:15:36.7730999 (40,15012% in 1.03:41:30.2782901)
Step: 82; states: 357 188 285 632 time: 02:12:49.9924764 (43,56447% in 1.05:54:20.2770700)
Step: 83; states: 363 122 777 100 time: 02:22:11.5051626 (47,03555% in 1.08:16:31.7886659)
Step: 84; states: 366 454 094 751 time: 02:18:00.0201740 (50,53846% in 1.10:34:31.8151327)
Step: 85; states: 367 084 684 402 time: 02:23:41.9140993 (54,04741% in 1.12:58:13.7359794)
Step: 86; states: 364 980 046 796 time: 02:17:27.8839520 (57,53624% in 1.15:15:41.6266495)
Step: 87; states: 360 148 553 876 time: 02:20:26.9749001 (60,97888% in 1.17:36:08.6092810)
Step: 88; states: 352 681 502 793 time: 02:13:44.4129351 (64,35015% in 1.19:49:53.0350001)
Step: 89; states: 342 697 980 498 time: 02:13:43.5061596 (67,62598% in 1.22:03:36.5516869)
Step: 90; states: 330 404 930 925 time: 02:06:43.5504842 (70,78431% in 2.00:10:20.1086208)
Step: 91; states: 316 016 569 511 time: 02:04:55.2533483 (73,80510% in 2.02:15:15.3720030)
Step: 92; states: 299 835 578 333 time: 01:57:55.6470743 (76,67121% in 2.04:13:11.0271125)
Step: 93; states: 282 143 142 510 time: 01:51:49.4549220 (79,36820% in 2.06:05:00.4919073)
Step: 94; states: 263 298 958 005 time: 01:42:06.6388617 (81,88507% in 2.07:47:07.1399060)
Step: 95; states: 243 614 099 782 time: 01:37:37.6056284 (84,21376% in 2.09:24:44.7555785)
Step: 96; states: 223 467 185 032 time: 01:28:35.9363022 (86,34988% in 2.10:53:20.7008962)
Step: 97; states: 203 158 361 349 time: 01:23:49.8689329 (88,29186% in 2.12:17:10.5776610)
Step: 98; states: 183 041 033 440 time: 01:14:23.2058334 (90,04154% in 2.13:31:33.7925705)
Step: 99; states: 163 369 852 182 time: 01:08:31.6373780 (91,60318% in 2.14:40:05.4422568)
Step: 100; states: 144 442 736 471 time: 01:01:07.0533172 (92,98390% in 2.15:41:12.5021933)
Step: 101; states: 126 444 328 389 time: 00:54:52.3275347 (94,19258% in 2.16:36:04.8405390)
Step: 102; states: 109 590 136 516 time: 00:47:14.1813217 (95,24015% in 2.17:23:19.0278274)
Step: 103; states: 93 982 358 698 time: 00:42:23.2679914 (96,13852% in 2.18:05:42.3022864)
Step: 104; states: 79 746 177 980 time: 00:35:53.9948185 (96,90081% in 2.18:41:36.3023792)
Step: 105; states: 66 904 613 969 time: 00:32:27.5399497 (97,54035% in 2.19:14:03.8509213)
Step: 106; states: 55 493 451 442 time: 00:26:41.0902996 (98,07081% in 2.19:40:44.9474803)
Step: 107; states: 45 469 625 811 time: 00:23:23.2316301 (98,50545% in 2.20:04:08.1841666)
Step: 108; states: 36 796 122 643 time: 00:18:42.6016193 (98,85718% in 2.20:22:50.7906514)
Step: 109; states: 29 384 868 876 time: 00:16:24.0925217 (99,13807% in 2.20:39:14.8852153)
Step: 110; states: 23 146 220 598 time: 00:12:55.8352331 (99,35932% in 2.20:52:10.7221415)
Step: 111; states: 17 969 181 807 time: 00:10:45.6642155 (99,53109% in 2.21:02:56.3879330)
Step: 112; states: 13 736 588 669 time: 00:08:42.9426879 (99,66240% in 2.21:11:39.3326213)
Step: 113; states: 10 333 975 043 time: 00:06:51.9950495 (99,76118% in 2.21:18:31.3278661)
Step: 114; states: 7 638 092 829 time: 00:05:05.6535641 (99,83419% in 2.21:23:36.9815933)
Step: 115; states: 5 545 670 809 time: 00:04:10.3892249 (99,88720% in 2.21:27:47.3709626)
Step: 116; states: 3 944 373 649 time: 00:02:53.4679738 (99,92491% in 2.21:30:40.8390895)
Step: 117; states: 2 749 651 769 time: 00:02:18.1705435 (99,95119% in 2.21:32:59.0097772)
Step: 118; states: 1 870 180 124 time: 00:01:33.7008336 (99,96907% in 2.21:34:32.7107522)
Step: 119; states: 1 243 126 852 time: 00:01:07.5484768 (99,98095% in 2.21:35:40.2593448)
Step: 120; states: 801 762 666 time: 00:00:45.9793555 (99,98862% in 2.21:36:26.2388211)
Step: 121; states: 503 467 189 time: 00:00:30.1085871 (99,99343% in 2.21:36:56.3475948)
Step: 122; states: 304 395 531 time: 00:00:19.7965731 (99,99634% in 2.21:37:16.1443073)
Step: 123; states: 178 394 161 time: 00:00:13.1839314 (99,99804% in 2.21:37:29.3283492)
Step: 124; states: 99 679 895 time: 00:00:08.4424323 (99,99900% in 2.21:37:37.7709059)
Step: 125; states: 53 799 988 time: 00:00:05.5689023 (99,99951% in 2.21:37:43.3399215)
Step: 126; states: 27 346 855 time: 00:00:03.7799377 (99,99977% in 2.21:37:47.1199406)
Step: 127; states: 13 403 417 time: 00:00:02.7536905 (99,99990% in 2.21:37:49.8737233)
Step: 128; states: 6 103 022 time: 00:00:02.2019226 (99,99996% in 2.21:37:52.0757148)
Step: 129; states: 2 685 607 time: 00:00:01.9445972 (99,99998% in 2.21:37:54.0203964)
Step: 130; states: 1 076 604 time: 00:00:01.8340738 (99,99999% in 2.21:37:55.8545410)
Step: 131; states: 420 933 time: 00:00:01.7789488 (100,00000% in 2.21:37:57.6335712)
Step: 132; states: 146 812 time: 00:00:01.8281779 (100,00000% in 2.21:37:59.4618186)
Step: 133; states: 51 109 time: 00:00:01.7446783 (100,00000% in 2.21:38:01.2065675)
Step: 134; states: 15 504 time: 00:00:01.7536585 (100,00000% in 2.21:38:02.9602955)
Step: 135; states: 4 737 time: 00:00:01.7416768 (100,00000% in 2.21:38:04.7020392)
Step: 136; states: 1 158 time: 00:00:01.7334015 (100,00000% in 2.21:38:06.4355092)
Step: 137; states: 294 time: 00:00:01.7380554 (100,00000% in 2.21:38:08.1736290)
Step: 138; states: 49 time: 00:00:01.7342261 (100,00000% in 2.21:38:09.9081936)
Step: 139; states: 8 time: 00:00:01.7342490 (100,00000% in 2.21:38:11.6425047)
Step: 140; states: 1 time: 00:00:01.7308689 (100,00000% in 2.21:38:13.3734409)
Steps: 140, Total: 10 461 394 944 000, eq=True
1 2 3 6 11 20 37 68 125 227 394 672 1151 1983 3373 5703 9508 15640 25293 40732 65032 103390 162830 255543 397013 613104 938477 1431068 2162964 3255845 4860428 7223861 10649867 15628073 22747718 32963838 47397514 67825949 96317070 136092168 190813727 266142022 368381756 507128327 692814488 941001379 1268233753 1698874519 2258065650 2982209905 3907555448 5085696837 6565947616 8417412079 10702957193 13509495739 16910707683 21007433464 25877447013 31626925469 38325925624 46071949391 54912130427 64918763515 76101355145 88490648648 102047648278 116751018040 132505409053 149228835807 166764383803 184966765671 203618622735 222514691756 241382142517 259966787337 277960449271 295081943100 311010808823 325463837570 338143708463 348798802857 357188285632 363122777100 366454094751 367084684402 364980046796 360148553876 352681502793 342697980498 330404930925 316016569511 299835578333 282143142510 263298958005 243614099782 223467185032 203158361349 183041033440 163369852182 144442736471 126444328389 109590136516 93982358698 79746177980 66904613969 55493451442 45469625811 36796122643 29384868876 23146220598 17969181807 13736588669 10333975043 7638092829 5545670809 3944373649 2749651769 1870180124 1243126852 801762666 503467189 304395531 178394161 99679895 53799988 27346855 13403417 6103022 2685607 1076604 420933 146812 51109 15504 4737 1158 294 49 8 1
Total time: 2.21:38:15.1943199

1) Timer.FillSemifrontier=20:26:46.4312783
2) Timer.FillFrontier=2.01:07:53.6893716

GPUSolver: Items=-572 694 528, time=17:40:15.2818343
UpDownCollector: collect=2.03:27:04.8966955 close=00:29:58.2375199
SemifrontierCollector: collect=12:06:17.8623284; close=00:05:55.7883367
SegmentedFileUint: WriteTime=17:15:59.8715363, Bytes=37 572 029 653 165, ReadTime=7.01:32:20.8288551, Bytes=54 221 229 684 959

Frontier: write=11:01:57.3458492, read=1.09:36:51.7673559
FrontierStates: collect=3.03:11:22.0568887
PackStates: pack=04:54:00.2462054 unpack=10:49:58.5216871
PackInts: pack=04:11:51.7098102 unpack=09:09:25.3061054
PackBytes: pack=00:47:59.5879857 unpack=01:53:40.7113995

C:\PUZ\PUZ3\SlidingTiles\SlidingTileSolver\bin\Release\net5.0>