Microsoft Windows [Version 10.0.19043.1826]
(c) Корпорация Майкрософт (Microsoft Corporation). Все права защищены.

C:\PUZ\SlidingTilesSolver\SlidingTileSolver\bin\Release\net5.0>SlidingTileSolver.exe
States: 4 x 2,147,483,648 = 8,589,934,592, s/f: 5,108,662,272; up/dn: 3,072,000,000 Needed: 8,589,934,592 bytes
GeForce GTX 1050 Ti [Type: Cuda, WarpSize: 32, MaxNumThreadsPerGroup: 1024, MemorySize: 4294967296]
Puzzle 16=4x4, states: 10,461,394,944,000, total: 10,461,394,944,000. Segments: 2436
Step: 0; states: 1
Step: 1; states: 4 time: 00:00:01.7488405 (0.00000% in 00:00:02.8658765) FilesGB=0.0 (0.0, 0.0, 0.0)
Step: 2; states: 10 time: 00:00:01.9461523 (0.00000% in 00:00:04.8139246) FilesGB=0.0 (0.0, 0.0, 0.0)
Step: 3; states: 20 time: 00:00:01.6070577 (0.00000% in 00:00:06.4211342) FilesGB=0.0 (0.0, 0.0, 0.0)
Step: 4; states: 38 time: 00:00:01.6178079 (0.00000% in 00:00:08.0391503) FilesGB=0.0 (0.0, 0.0, 0.0)
Step: 5; states: 80 time: 00:00:01.5845460 (0.00000% in 00:00:09.6237847) FilesGB=0.0 (0.0, 0.0, 0.0)
Step: 6; states: 174 time: 00:00:01.6366300 (0.00000% in 00:00:11.2605065) FilesGB=0.0 (0.0, 0.0, 0.0)
Step: 7; states: 372 time: 00:00:01.6328367 (0.00000% in 00:00:12.8934275) FilesGB=0.0 (0.0, 0.0, 0.0)
Step: 8; states: 762 time: 00:00:01.5829880 (0.00000% in 00:00:14.4764984) FilesGB=0.0 (0.0, 0.0, 0.0)
Step: 9; states: 1,540 time: 00:00:01.5903813 (0.00000% in 00:00:16.0669898) FilesGB=0.0 (0.0, 0.0, 0.0)
Step: 10; states: 3,072 time: 00:00:01.5643660 (0.00000% in 00:00:17.6314368) FilesGB=0.0 (0.0, 0.0, 0.0)
Step: 11; states: 6,196 time: 00:00:01.5662695 (0.00000% in 00:00:19.1978234) FilesGB=0.0 (0.0, 0.0, 0.0)
Step: 12; states: 12,356 time: 00:00:01.5698380 (0.00000% in 00:00:20.7677361) FilesGB=0.0 (0.0, 0.0, 0.0)
Step: 13; states: 24,516 time: 00:00:01.5711928 (0.00000% in 00:00:22.3390102) FilesGB=0.0 (0.0, 0.0, 0.0)
Step: 14; states: 48,179 time: 00:00:01.5748904 (0.00000% in 00:00:23.9139703) FilesGB=0.0 (0.0, 0.0, 0.0)
Step: 15; states: 94,356 time: 00:00:01.5833248 (0.00000% in 00:00:25.4973695) FilesGB=0.0 (0.0, 0.0, 0.0)
Step: 16; states: 183,432 time: 00:00:01.6045777 (0.00000% in 00:00:27.1020324) FilesGB=0.0 (0.0, 0.0, 0.0)
Step: 17; states: 355,330 time: 00:00:01.6202824 (0.00001% in 00:00:28.7224147) FilesGB=0.0 (0.0, 0.0, 0.0)
Step: 18; states: 682,250 time: 00:00:01.6496090 (0.00001% in 00:00:30.3721334) FilesGB=0.0 (0.0, 0.0, 0.0)
Step: 19; states: 1,301,874 time: 00:00:01.6949767 (0.00003% in 00:00:32.0672041) FilesGB=0.0 (0.0, 0.0, 0.0)
Step: 20; states: 2,460,591 time: 00:00:01.8155090 (0.00005% in 00:00:33.8827826) FilesGB=0.0 (0.0, 0.0, 0.0)
Step: 21; states: 4,617,322 time: 00:00:02.0466446 (0.00009% in 00:00:35.9295406) FilesGB=0.0 (0.0, 0.0, 0.0)
Step: 22; states: 8,580,175 time: 00:00:02.4375394 (0.00018% in 00:00:38.3671647) FilesGB=0.0 (0.0, 0.0, 0.0)
Step: 23; states: 15,815,664 time: 00:00:03.2562325 (0.00033% in 00:00:41.6234884) FilesGB=0.1 (0.0, 0.0, 0.0)
Step: 24; states: 28,854,386 time: 00:00:04.4519460 (0.00060% in 00:00:46.0755112) FilesGB=0.1 (0.0, 0.0, 0.1)
Step: 25; states: 52,154,316 time: 00:00:06.6903576 (0.00110% in 00:00:52.7660031) FilesGB=0.3 (0.1, 0.1, 0.1)
Step: 26; states: 93,214,030 time: 00:00:10.2478064 (0.00199% in 00:01:03.0138950) FilesGB=0.5 (0.1, 0.1, 0.2)
Step: 27; states: 164,819,468 time: 00:00:15.5099825 (0.00357% in 00:01:18.5239495) FilesGB=0.8 (0.2, 0.2, 0.4)
Step: 28; states: 287,906,049 time: 00:00:23.7359233 (0.00632% in 00:01:42.2599499) FilesGB=1.4 (0.4, 0.4, 0.6)
Step: 29; states: 496,886,674 time: 00:00:36.4051512 (0.01107% in 00:02:18.6683643) FilesGB=2.4 (0.6, 0.7, 1.0)
Step: 30; states: 846,095,761 time: 00:00:54.3058530 (0.01916% in 00:03:12.9743191) FilesGB=3.9 (1.0, 1.2, 1.7)
Step: 31; states: 1,421,388,434 time: 00:01:21.4876835 (0.03274% in 00:04:34.4621771) FilesGB=6.5 (1.7, 2.1, 2.8)
Step: 32; states: 2,352,869,542 time: 00:02:01.6391368 (0.05524% in 00:06:36.1014731) FilesGB=10.6 (2.8, 3.4, 4.4)
Step: 33; states: 3,836,555,268 time: 00:02:58.8708941 (0.09191% in 00:09:34.9725378) FilesGB=17.0 (4.4, 5.5, 7.1)
Step: 34; states: 6,155,108,462 time: 00:04:15.2268574 (0.15075% in 00:13:50.1995301) FilesGB=26.9 (7.1, 8.7, 11.1)
Step: 35; states: 9,711,262,362 time: 00:06:04.1008668 (0.24357% in 00:19:54.3005125) FilesGB=42.0 (11.1, 13.8, 17.1)
Step: 36; states: 15,051,674,645 time: 00:08:30.0648429 (0.38745% in 00:28:24.3654944) FilesGB=64.2 (17.1, 21.1, 26.0)
Step: 37; states: 22,904,000,002 time: 00:11:52.7836078 (0.60639% in 00:40:17.1492068) FilesGB=97.2 (26.0, 32.4, 38.8)
Step: 38; states: 34,183,842,302 time: 00:16:25.7479378 (0.93315% in 00:56:42.8972890) FilesGB=143.5 (38.8, 47.8, 56.9)
Step: 39; states: 50,006,919,604 time: 00:22:43.1255840 (1.41117% in 01:19:26.0251010) FilesGB=209.5 (56.9, 70.7, 82.0)
Step: 40; states: 71,636,204,192 time: 00:31:21.2451423 (2.09593% in 01:50:47.2725033) FilesGB=297.8 (82.0, 100.2, 115.6)
Step: 41; states: 100,420,705,298 time: 00:41:01.5788648 (3.05585% in 02:31:48.8547480) FilesGB=417.9 (115.6, 142.2, 160.1)
Step: 42; states: 137,637,325,716 time: 00:53:40.0972919 (4.37152% in 03:25:28.9569003) FilesGB=570.2 (160.1, 193.4, 216.7)
Step: 43; states: 184,310,472,632 time: 01:11:24.5293721 (6.13334% in 04:36:53.4891168) FilesGB=766.0 (216.7, 262.0, 287.3)
Step: 44; states: 240,939,459,440 time: 01:31:21.8321230 (8.43646% in 06:08:15.3248181) FilesGB=1,000.1 (287.3, 341.0, 371.8)
Step: 45; states: 307,225,672,576 time: 02:00:19.8571745 (11.37322% in 08:08:35.1852319) FilesGB=1,281.7 (371.8, 439.9, 470.0)
Step: 46; states: 381,788,110,040 time: 02:20:45.4043579 (15.02272% in 10:29:20.5922663) FilesGB=1,595.3 (470.0, 546.2, 579.1)
Step: 47; states: 461,964,930,604 time: 03:00:52.0878297 (19.43862% in 13:30:12.6839649) FilesGB=1,942.6 (579.1, 668.5, 695.0)
Step: 48; states: 543,749,289,997 time: 03:18:05.8415749 (24.63629% in 16:48:18.5311815) FilesGB=2,295.8 (695.0, 789.3, 811.5)
Step: 49; states: 621,940,420,450 time: 04:00:52.8990989 (30.58139% in 20:49:11.4338612) FilesGB=2,645.3 (811.5, 913.2, 920.6)
Step: 50; states: 690,498,955,269 time: 04:14:35.2627178 (37.18184% in 1.01:03:46.6994327) FilesGB=2,955.5 (920.6, 1,021.5, 1,013.4)
Step: 51; states: 743,231,054,306 time: 04:51:01.7221465 (44.28635% in 1.05:54:48.4263255) FilesGB=3,207.3 (1,013.4, 1,112.6, 1,081.3)
Step: 52; states: 774,501,800,227 time: 04:48:59.9668869 (51.68978% in 1.10:43:48.3991056) FilesGB=3,370.9 (1,081.3, 1,173.4, 1,116.2)
Step: 53; states: 780,251,048,846 time: 05:18:54.1105547 (59.14817% in 1.16:02:42.5134566) FilesGB=3,426.9 (1,116.2, 1,197.3, 1,113.4)
Step: 54; states: 758,587,143,559 time: 04:49:46.8233408 (66.39947% in 1.20:52:29.3415124) FilesGB=3,368.1 (1,113.4, 1,183.9, 1,070.8)
Step: 55; states: 710,534,166,322 time: 04:46:11.6814983 (73.19143% in 2.01:38:41.0289031) FilesGB=3,187.2 (1,070.8, 1,124.6, 991.8)
Step: 56; states: 639,855,264,916 time: 04:14:12.4210464 (79.30778% in 2.05:52:53.4541383) FilesGB=2,908.9 (991.8, 1,035.0, 882.1)
Step: 57; states: 552,865,973,378 time: 03:48:52.8569102 (84.59260% in 2.09:41:46.3152776) FilesGB=2,543.1 (882.1, 908.4, 752.6)
Step: 58; states: 457,313,260,067 time: 03:08:45.7637167 (88.96403% in 2.12:50:32.0826280) FilesGB=2,138.4 (752.6, 771.8, 614.0)
Step: 59; states: 361,293,125,432 time: 02:36:10.1118216 (92.41762% in 2.15:26:42.1986294) FilesGB=1,712.9 (614.0, 620.4, 478.5)
Step: 60; states: 271,983,047,146 time: 02:00:45.4274743 (95.01749% in 2.17:27:27.6301713) FilesGB=1,315.5 (478.5, 482.0, 355.0)
Step: 61; states: 194,589,137,744 time: 01:30:07.4319741 (96.87756% in 2.18:57:35.0646845) FilesGB=956.9 (355.0, 351.4, 250.5)
Step: 62; states: 132,019,170,344 time: 01:05:33.8652996 (98.13953% in 2.20:03:08.9329510) FilesGB=665.1 (250.5, 247.1, 167.4)
Step: 63; states: 84,681,693,646 time: 00:45:07.9980382 (98.94900% in 2.20:48:16.9344276) FilesGB=435.3 (167.4, 161.9, 106.0)
Step: 64; states: 51,258,983,566 time: 00:29:56.6525557 (99.43898% in 2.21:18:13.5912806) FilesGB=271.2 (106.0, 102.0, 63.2)
Step: 65; states: 29,174,890,704 time: 00:19:01.0336542 (99.71786% in 2.21:37:14.6283416) FilesGB=158.2 (63.2, 59.4, 35.6)
Step: 66; states: 15,588,803,334 time: 00:11:15.0730321 (99.86687% in 2.21:48:29.7043846) FilesGB=87.5 (35.6, 33.2, 18.7)
Step: 67; states: 7,783,212,356 time: 00:06:21.5902025 (99.94127% in 2.21:54:51.2947413) FilesGB=45.1 (18.7, 17.1, 9.3)
Step: 68; states: 3,624,531,241 time: 00:03:25.1029836 (99.97592% in 2.21:58:16.3979505) FilesGB=21.9 (9.3, 8.3, 4.3)
Step: 69; states: 1,564,132,058 time: 00:01:44.6438182 (99.99087% in 2.22:00:01.0419249) FilesGB=9.8 (4.3, 3.7, 1.8)
Step: 70; states: 623,604,572 time: 00:00:47.2548792 (99.99683% in 2.22:00:48.2969380) FilesGB=4.1 (1.8, 1.6, 0.7)
Step: 71; states: 227,372,214 time: 00:00:20.7479898 (99.99900% in 2.22:01:09.0450498) FilesGB=1.6 (0.7, 0.6, 0.3)
Step: 72; states: 75,177,164 time: 00:00:08.6549476 (99.99972% in 2.22:01:17.7001243) FilesGB=0.5 (0.3, 0.2, 0.1)
Step: 73; states: 22,074,664 time: 00:00:03.8629428 (99.99993% in 2.22:01:21.5631938) FilesGB=0.2 (0.1, 0.1, 0.0)
Step: 74; states: 5,618,002 time: 00:00:02.1578771 (99.99999% in 2.22:01:23.7211729) FilesGB=0.0 (0.0, 0.0, 0.0)
Step: 75; states: 1,165,796 time: 00:00:01.6900240 (100.00000% in 2.22:01:25.4113421) FilesGB=0.0 (0.0, 0.0, 0.0)
Step: 76; states: 185,574 time: 00:00:01.5835951 (100.00000% in 2.22:01:26.9950557) FilesGB=0.0 (0.0, 0.0, 0.0)
Step: 77; states: 19,522 time: 00:00:01.5551126 (100.00000% in 2.22:01:28.5502711) FilesGB=0.0 (0.0, 0.0, 0.0)
Step: 78; states: 1,416 time: 00:00:01.5533942 (100.00000% in 2.22:01:30.1037561) FilesGB=0.0 (0.0, 0.0, 0.0)
Step: 79; states: 50 time: 00:00:01.5495830 (100.00000% in 2.22:01:31.6534265) FilesGB=0.0 (0.0, 0.0, 0.0)
Step: 80; states: 1 time: 00:00:01.5500531 (100.00000% in 2.22:01:33.2035712) FilesGB=0.0 (0.0, 0.0, 0.0)
Steps: 80, Total: 10,461,394,944,000, eq=True
1 4 10 20 38 80 174 372 762 1540 3072 6196 12356 24516 48179 94356 183432 355330 682250 1301874 2460591 4617322 8580175 15815664 28854386 52154316 93214030 164819468 287906049 496886674 846095761 1421388434 2352869542 3836555268 6155108462 9711262362 15051674645 22904000002 34183842302 50006919604 71636204192 100420705298 137637325716 184310472632 240939459440 307225672576 381788110040 461964930604 543749289997 621940420450 690498955269 743231054306 774501800227 780251048846 758587143559 710534166322 639855264916 552865973378 457313260067 361293125432 271983047146 194589137744 132019170344 84681693646 51258983566 29174890704 15588803334 7783212356 3624531241 1564132058 623604572 227372214 75177164 22074664 5618002 1165796 185574 19522 1416 50 1
Total time: 2.22:01:34.8092076

1) Timer.FillSemifrontier=1.00:07:05.1003121
2) Timer.FillFrontier=1.21:50:36.6899676

GPUSolver: Items=7,846,046,208,000, time=23:32:44.5778898
UpDownCollector: collect=3.04:14:13.8329818 close=00:09:33.4320001
SemifrontierCollector: collect=14:47:06.8948396; close=00:01:44.4345070
SegmentedFile: WriteTime=18:44:03.8587489, Bytes=33,529,090,657,692, ReadTime=6.10:15:00.8532534, Bytes=49,640,493,889,053

Frontier: write=13:16:36.6424440, read=1.09:53:11.6186380
FrontierStates: collect=2.15:48:17.9715699
PackStates: pack=06:16:48.1701255 unpack=08:58:52.6183528
PackInts: pack=06:03:13.5451449 unpack=08:28:03.1494263
PackBytes: pack=00:48:17.4930367 unpack=01:56:00.8785184

C:\PUZ\SlidingTilesSolver\SlidingTileSolver\bin\Release\net5.0>