States: 4 x 2,147,483,648 = 8,589,934,592, s/f: 5,108,662,272; up/dn: 3,072,000,000 Needed: 8,589,934,592 bytes
GeForce GTX 1050 Ti [Type: Cuda, WarpSize: 32, MaxNumThreadsPerGroup: 1024, MemorySize: 4294967296]
Puzzle 16=4x4, states: 10,461,394,944,000, total: 10,461,394,944,000. Segments: 2436
Step: 0; states: 1
Step: 1; states: 3 time: 00:00:01.7338486 (0.00000% in 00:00:02.5802675) FilesGB=0.0 (0.0, 0.0, 0.0)
Step: 2; states: 6 time: 00:00:01.5879156 (0.00000% in 00:00:04.1685447) FilesGB=0.0 (0.0, 0.0, 0.0)
Step: 3; states: 14 time: 00:00:01.6583993 (0.00000% in 00:00:05.8270322) FilesGB=0.0 (0.0, 0.0, 0.0)
Step: 4; states: 32 time: 00:00:01.5882262 (0.00000% in 00:00:07.4153482) FilesGB=0.0 (0.0, 0.0, 0.0)
Step: 5; states: 66 time: 00:00:01.5780643 (0.00000% in 00:00:08.9935122) FilesGB=0.0 (0.0, 0.0, 0.0)
Step: 6; states: 134 time: 00:00:01.5840135 (0.00000% in 00:00:10.5779096) FilesGB=0.0 (0.0, 0.0, 0.0)
Step: 7; states: 280 time: 00:00:01.5755137 (0.00000% in 00:00:12.1535162) FilesGB=0.0 (0.0, 0.0, 0.0)
Step: 8; states: 585 time: 00:00:01.5769190 (0.00000% in 00:00:13.7305146) FilesGB=0.0 (0.0, 0.0, 0.0)
Step: 9; states: 1,214 time: 00:00:01.6049021 (0.00000% in 00:00:15.3355253) FilesGB=0.0 (0.0, 0.0, 0.0)
Step: 10; states: 2,462 time: 00:00:01.5871617 (0.00000% in 00:00:16.9227730) FilesGB=0.0 (0.0, 0.0, 0.0)
Step: 11; states: 4,946 time: 00:00:01.5843122 (0.00000% in 00:00:18.5071561) FilesGB=0.0 (0.0, 0.0, 0.0)
Step: 12; states: 9,861 time: 00:00:01.6128911 (0.00000% in 00:00:20.1201157) FilesGB=0.0 (0.0, 0.0, 0.0)
Step: 13; states: 19,600 time: 00:00:01.5967984 (0.00000% in 00:00:21.7169877) FilesGB=0.0 (0.0, 0.0, 0.0)
Step: 14; states: 38,688 time: 00:00:01.5981183 (0.00000% in 00:00:23.3151922) FilesGB=0.0 (0.0, 0.0, 0.0)
Step: 15; states: 76,086 time: 00:00:01.6056017 (0.00000% in 00:00:24.9208736) FilesGB=0.0 (0.0, 0.0, 0.0)
Step: 16; states: 148,435 time: 00:00:01.7389121 (0.00000% in 00:00:26.6598833) FilesGB=0.0 (0.0, 0.0, 0.0)
Step: 17; states: 288,098 time: 00:00:01.6236126 (0.00001% in 00:00:28.2835869) FilesGB=0.0 (0.0, 0.0, 0.0)
Step: 18; states: 554,970 time: 00:00:01.6328513 (0.00001% in 00:00:29.9165407) FilesGB=0.0 (0.0, 0.0, 0.0)
Step: 19; states: 1,062,628 time: 00:00:01.6784309 (0.00002% in 00:00:31.5950518) FilesGB=0.0 (0.0, 0.0, 0.0)
Step: 20; states: 2,016,814 time: 00:00:01.7773407 (0.00004% in 00:00:33.3724836) FilesGB=0.0 (0.0, 0.0, 0.0)
Step: 21; states: 3,800,682 time: 00:00:01.9473592 (0.00008% in 00:00:35.3199295) FilesGB=0.0 (0.0, 0.0, 0.0)
Step: 22; states: 7,093,209 time: 00:00:02.2545307 (0.00014% in 00:00:37.5745422) FilesGB=0.0 (0.0, 0.0, 0.0)
Step: 23; states: 13,127,364 time: 00:00:02.8358479 (0.00027% in 00:00:40.4104788) FilesGB=0.1 (0.0, 0.0, 0.0)
Step: 24; states: 24,053,454 time: 00:00:03.8909387 (0.00050% in 00:00:44.3015103) FilesGB=0.1 (0.0, 0.0, 0.1)
Step: 25; states: 43,657,576 time: 00:00:05.5972623 (0.00092% in 00:00:49.8988570) FilesGB=0.2 (0.1, 0.1, 0.1)
Step: 26; states: 78,382,622 time: 00:00:08.5712763 (0.00167% in 00:00:58.4702393) FilesGB=0.4 (0.1, 0.1, 0.2)
Step: 27; states: 139,237,375 time: 00:00:13.2799683 (0.00300% in 00:01:11.7502966) FilesGB=0.7 (0.2, 0.2, 0.3)
Step: 28; states: 244,396,941 time: 00:00:20.6041752 (0.00533% in 00:01:32.3546966) FilesGB=1.2 (0.3, 0.4, 0.5)
Step: 29; states: 423,831,089 time: 00:00:31.5625822 (0.00939% in 00:02:03.9173716) FilesGB=2.0 (0.5, 0.6, 0.9)
Step: 30; states: 725,371,415 time: 00:00:49.3493871 (0.01632% in 00:02:53.2668542) FilesGB=3.4 (0.9, 1.1, 1.5)
Step: 31; states: 1,224,819,086 time: 00:01:17.5679947 (0.02803% in 00:04:10.8350584) FilesGB=5.6 (1.5, 1.8, 2.4)
Step: 32; states: 2,038,329,058 time: 00:01:58.7355385 (0.04751% in 00:06:09.5714758) FilesGB=9.2 (2.4, 2.9, 3.9)
Step: 33; states: 3,341,666,750 time: 00:02:49.2110741 (0.07945% in 00:08:58.7827096) FilesGB=14.9 (3.9, 4.7, 6.2)
Step: 34; states: 5,391,419,771 time: 00:04:06.0248352 (0.13099% in 00:13:04.8076884) FilesGB=23.8 (6.2, 7.7, 9.8)
Step: 35; states: 8,555,235,944 time: 00:05:54.2462774 (0.21277% in 00:18:59.0540590) FilesGB=37.1 (9.8, 12.1, 15.2)
Step: 36; states: 13,339,111,246 time: 00:08:29.8759964 (0.34028% in 00:27:28.9302036) FilesGB=57.5 (15.2, 19.0, 23.3)
Step: 37; states: 20,421,813,614 time: 00:11:21.5732529 (0.53549% in 00:38:50.5036168) FilesGB=86.7 (23.3, 28.6, 34.8)
Step: 38; states: 30,671,214,388 time: 00:15:44.9252482 (0.82867% in 00:54:35.4290092) FilesGB=129.8 (34.8, 43.5, 51.4)
Step: 39; states: 45,157,310,328 time: 00:21:31.6980482 (1.26033% in 01:16:07.1272232) FilesGB=189.1 (51.4, 63.2, 74.4)
Step: 40; states: 65,116,900,132 time: 00:29:24.7638697 (1.88278% in 01:45:31.8919353) FilesGB=272.4 (74.4, 92.3, 105.7)
Step: 41; states: 91,900,018,847 time: 00:39:11.6261829 (2.76125% in 02:24:43.5187979) FilesGB=381.7 (105.7, 129.0, 147.0)
Step: 42; states: 126,828,947,633 time: 00:51:57.6263986 (3.97360% in 03:16:41.1482636) FilesGB=527.8 (147.0, 180.2, 200.5)
Step: 43; states: 171,036,267,423 time: 01:08:06.5282280 (5.60853% in 04:24:47.6770243) FilesGB=709.2 (200.5, 241.3, 267.3)
Step: 44; states: 225,193,366,436 time: 01:26:57.7540568 (7.76114% in 05:51:45.4341971) FilesGB=937.5 (267.3, 321.6, 348.5)
Step: 45; states: 289,256,240,376 time: 01:56:01.9382900 (10.52613% in 07:47:47.3750591) FilesGB=1,203.6 (348.5, 411.6, 443.5)
Step: 46; states: 362,146,414,178 time: 02:18:39.7107584 (13.98787% in 10:06:27.0891992) FilesGB=1,515.4 (443.5, 521.4, 550.6)
Step: 47; states: 441,544,773,283 time: 02:52:07.4983573 (18.20858% in 12:58:34.5907408) FilesGB=1,852.2 (550.6, 636.0, 665.7)
Step: 48; states: 523,773,478,650 time: 03:13:23.0882910 (23.21530% in 16:11:57.6809408) FilesGB=2,211.9 (665.7, 762.9, 783.3)
Step: 49; states: 603,853,909,914 time: 03:59:46.7387260 (28.98751% in 20:11:44.4209723) FilesGB=2,562.8 (783.3, 884.0, 895.6)
Step: 50; states: 675,908,320,810 time: 04:14:06.4040759 (35.44849% in 1.00:25:50.8270190) FilesGB=2,890.3 (895.6, 1,000.6, 994.1)
Step: 51; states: 733,573,127,584 time: 04:58:46.3300142 (42.46068% in 1.05:24:37.1588954) FilesGB=3,160.0 (994.1, 1,096.6, 1,069.3)
Step: 52; states: 771,040,048,859 time: 04:52:39.6999780 (49.83102% in 1.10:17:16.8630276) FilesGB=3,349.1 (1,069.3, 1,166.1, 1,113.7)
Step: 53; states: 783,561,646,039 time: 05:22:54.1946400 (57.32105% in 1.15:40:11.0623675) FilesGB=3,436.7 (1,113.7, 1,202.7, 1,120.4)
Step: 54; states: 768,782,757,592 time: 05:01:23.3550186 (64.66981% in 1.20:41:34.4202066) FilesGB=3,403.2 (1,120.4, 1,195.0, 1,087.9)
Step: 55; states: 726,757,319,765 time: 05:04:33.1009414 (71.61685% in 2.01:46:07.5240120) FilesGB=3,256.7 (1,087.9, 1,152.4, 1,016.4)
Step: 56; states: 660,804,496,047 time: 04:34:37.1283526 (77.93345% in 2.06:20:44.6560188) FilesGB=2,992.6 (1,016.4, 1,062.8, 913.4)
Step: 57; states: 576,553,247,681 time: 04:04:12.9474308 (83.44470% in 2.10:24:57.6080026) FilesGB=2,650.5 (913.4, 950.8, 786.3)
Step: 58; states: 481,703,102,341 time: 03:23:21.9914854 (88.04928% in 2.13:48:19.6038051) FilesGB=2,242.1 (786.3, 807.2, 648.5)
Step: 59; states: 384,435,231,492 time: 02:47:02.5422466 (91.72407% in 2.16:35:22.1488854) FilesGB=1,822.3 (648.5, 663.8, 510.0)
Step: 60; states: 292,322,264,964 time: 02:10:24.1024849 (94.51837% in 2.18:45:46.2549867) FilesGB=1,406.6 (510.0, 514.0, 382.6)
Step: 61; states: 211,297,889,839 time: 01:39:05.7315272 (96.53816% in 2.20:24:51.9897743) FilesGB=1,039.5 (382.6, 384.6, 272.3)
Step: 62; states: 144,720,110,620 time: 01:12:10.0208546 (97.92153% in 2.21:37:02.0162402) FilesGB=725.2 (272.3, 268.8, 184.1)
Step: 63; states: 93,760,754,550 time: 00:50:20.0093721 (98.81778% in 2.22:27:22.0278574) FilesGB=482.5 (184.1, 181.0, 117.4)
Step: 64; states: 57,217,448,157 time: 00:33:39.4070269 (99.36472% in 2.23:01:01.4410151) FilesGB=301.2 (117.4, 113.1, 70.8)
Step: 65; states: 32,867,247,518 time: 00:21:35.6541568 (99.67890% in 2.23:22:37.0974067) FilesGB=178.6 (70.8, 67.8, 40.0)
Step: 66; states: 17,664,141,239 time: 00:12:55.0544233 (99.84775% in 2.23:35:32.1544678) FilesGB=98.7 (40.0, 37.4, 21.3)
Step: 67; states: 8,888,072,640 time: 00:07:22.3222627 (99.93271% in 2.23:42:54.4768908) FilesGB=51.6 (21.3, 19.7, 10.5)
Step: 68; states: 4,147,888,776 time: 00:03:52.5407752 (99.97236% in 2.23:46:47.0184222) FilesGB=24.9 (10.5, 9.5, 4.9)
Step: 69; states: 1,799,237,236 time: 00:02:00.7999138 (99.98956% in 2.23:48:47.8188971) FilesGB=11.3 (4.9, 4.3, 2.1)
Step: 70; states: 714,356,967 time: 00:00:55.9433394 (99.99639% in 2.23:49:43.7623942) FilesGB=4.7 (2.1, 1.8, 0.8)
Step: 71; states: 260,482,077 time: 00:00:23.6107111 (99.99888% in 2.23:50:07.3732411) FilesGB=1.8 (0.8, 0.7, 0.3)
Step: 72; states: 84,961,167 time: 00:00:09.7580418 (99.99969% in 2.23:50:17.1314304) FilesGB=0.6 (0.3, 0.2, 0.1)
Step: 73; states: 24,774,766 time: 00:00:04.1545752 (99.99993% in 2.23:50:21.2861320) FilesGB=0.2 (0.1, 0.1, 0.0)
Step: 74; states: 6,128,890 time: 00:00:02.2250160 (99.99999% in 2.23:50:23.5112309) FilesGB=0.1 (0.0, 0.0, 0.0)
Step: 75; states: 1,257,073 time: 00:00:01.6975405 (100.00000% in 2.23:50:25.2088714) FilesGB=0.0 (0.0, 0.0, 0.0)
Step: 76; states: 192,904 time: 00:00:01.5897574 (100.00000% in 2.23:50:26.7987196) FilesGB=0.0 (0.0, 0.0, 0.0)
Step: 77; states: 21,096 time: 00:00:01.5593369 (100.00000% in 2.23:50:28.3581395) FilesGB=0.0 (0.0, 0.0, 0.0)
Step: 78; states: 1,544 time: 00:00:01.5571789 (100.00000% in 2.23:50:29.9153932) FilesGB=0.0 (0.0, 0.0, 0.0)
Step: 79; states: 58 time: 00:00:01.5509478 (100.00000% in 2.23:50:31.4664049) FilesGB=0.0 (0.0, 0.0, 0.0)
Step: 80; states: 2 time: 00:00:01.5569569 (100.00000% in 2.23:50:33.0234454) FilesGB=0.0 (0.0, 0.0, 0.0)
Steps: 80, Total: 10,461,394,944,000, eq=True
1 3 6 14 32 66 134 280 585 1214 2462 4946 9861 19600 38688 76086 148435 288098 554970 1062628 2016814 3800682 7093209 13127364 24053454 43657576 78382622 139237375 244396941 423831089 725371415 1224819086 2038329058 3341666750 5391419771 8555235944 13339111246 20421813614 30671214388 45157310328 65116900132 91900018847 126828947633 171036267423 225193366436 289256240376 362146414178 441544773283 523773478650 603853909914 675908320810 733573127584 771040048859 783561646039 768782757592 726757319765 660804496047 576553247681 481703102341 384435231492 292322264964 211297889839 144720110620 93760754550 57217448157 32867247518 17664141239 8888072640 4147888776 1799237236 714356967 260482077 84961167 24774766 6128890 1257073 192904 21096 1544 58 2
Total time: 2.23:50:34.6597317

1) Timer.FillSemifrontier=1.01:59:39.2896050
2) Timer.FillFrontier=1.21:48:02.2882343

GPUSolver: Items=7,846,046,208,000, time=1.01:52:10.6251378
UpDownCollector: collect=3.14:45:58.7278616 close=00:10:27.3961981
SemifrontierCollector: collect=12:58:57.1221492; close=00:01:46.8287166
SegmentedFile: WriteTime=16:44:28.2527419, Bytes=33,572,821,665,668, ReadTime=6.07:16:48.0644289, Bytes=49,678,477,154,188

Frontier: write=12:56:59.8984368, read=1.08:51:41.5926606
FrontierStates: collect=2.15:21:46.9939216
PackStates: pack=06:14:21.6697082 unpack=09:12:35.0952596
PackInts: pack=06:00:28.8601596 unpack=08:40:11.8884218
PackBytes: pack=00:48:56.5130678 unpack=01:52:46.3276438
